DDR d5483af87d cym 23/11/23-16:15:24,fwver: v1.15
LPDDR4X, 2112MHz
channel[0] BW=16 Col=10 Bk=8 CS0 Row=16 CS1 Row=16 CS=2 Die BW=16 Size=2048MB
channel[1] BW=16 Col=10 Bk=8 CS0 Row=16 CS1 Row=16 CS=2 Die BW=16 Size=2048MB
channel[2] BW=16 Col=10 Bk=8 CS0 Row=16 CS1 Row=16 CS=2 Die BW=16 Size=2048MB
channel[3] BW=16 Col=10 Bk=8 CS0 Row=16 CS1 Row=16 CS=2 Die BW=16 Size=2048MB
Manufacturer ID:0x1
CH0 RX Vref:27.9%, TX Vref:20.8%,20.8%
CH1 RX Vref:28.9%, TX Vref:20.8%,20.8%
CH2 RX Vref:28.5%, TX Vref:20.8%,20.8%
CH3 RX Vref:29.3%, TX Vref:20.8%,20.8%
change to F1: 528MHz
change to F2: 1068MHz
change to F3: 1560MHz
change to F0: 2112MHz
out
U-Boot SPL board init
U-Boot SPL 2017.09-g82435751526-231214-dirty #zhangzj (Dec 14 2023 - 09:16:28)
unknown raw ID 0 0 0
unrecognized JEDEC id bytes: 00, 00, 00
Trying to boot from MMC2
MMC: no card present
mmc_init: -123, time 0
spl: mmc init failed with error: -123
Trying to boot from MMC1
SPL: A/B-slot: _a, successful: 0, tries-remain: 7
Trying fit image at 0x4000 sector
## Verified-boot: 0
## Checking atf-1 0x00040000 ... sha256(d8900713b0...) + OK
## Checking u-boot 0x00a00000 ... sha256(4e1a3548f6...) + OK
## Checking fdt-1 0x00b061d8 ... sha256(7845c13492...) + OK
## Checking atf-2 0xff100000 ... sha256(c5a4bcd5a9...) + OK
## Checking tee-1 0x08400000 ... sha256(617eb0ee15...) + OK
Jumping to U-Boot(0x00a00000) via ARM Trusted Firmware(0x00040000)
Total: 91.231/251.699 ms

NOTICE:  BL31: v2.10.0	(release):v2.10.0-231-gfd91c4522-dirty
NOTICE:  BL31: Built : 13:59:57, Feb  2 2024


U-Boot 2024.01-rc5-gd8778e3592-dirty (Feb 26 2024 - 14:14:53 +0800)

Model: Rockchip Toybrick RK3588 X0 Board
DRAM:  8 GiB (effective 7.7 GiB)
Core:  331 devices, 28 uclasses, devicetree: separate
MMC:   mmc@fe2e0000: 0
Loading Environment from MMC... OK
In:    serial@feb50000
Out:   serial@feb50000
Err:   serial@feb50000
Model: Rockchip Toybrick RK3588 X0 Board
Net:   eth0: ethernet@fe1b0000
Hit any key to stop autoboot:  2  0
=> 
=> 
=> 
=> 
=> 
=> 
=> 
=> 
=> 
=> 
=> 
=> usb start
starting USB...
Bus usb@fc800000: USB EHCI 1.00
Bus usb@fc840000: USB OHCI 1.0
Bus usb@fc880000: USB EHCI 1.00
Bus usb@fc8c0000: USB OHCI 1.0
scanning bus usb@fc800000 for devices... 2 USB Device(s) found
scanning bus usb@fc840000 for devices... 1 USB Device(s) found
scanning bus usb@fc880000 for devices... 1 USB Device(s) found
scanning bus usb@fc8c0000 for devices... 1 USB Device(s) found
       scanning usb for storage devices... 1 Storage Device(s) found
=> fatload usb 0:1 ${loadaddr} security-interface-extension-keys/TestPK1.auth
2024 bytes read in 8 ms (247.1 KiB/s)
=> setenv -e -nv -bs -rt -at -i ${loadaddr}:$filesize PK
=> fatload usb 0:1 ${loadaddr} security-interface-extension-keys/TestKEK1.auth
2026 bytes read in 7 ms (282.2 KiB/s)
=> setenv -e -nv -bs -rt -at -i ${loadaddr}:$filesize KEK
=> fatload usb 0:1 ${loadaddr} security-interface-extension-keys/TestDB1.auth
2027 bytes read in 7 ms (282.2 KiB/s)
=> setenv -e -nv -bs -rt -at -i ${loadaddr}:$filesize db
=> fatload usb 0:1 ${loadaddr} security-interface-extension-keys/TestDBX1.auth
2027 bytes read in 7 ms (282.2 KiB/s)
=> setenv -e -nv -bs -rt -at -i ${loadaddr}:$filesize dbx
=> boot
Scanning for bootflows in all bootdevs
Seq  Method       State   Uclass    Part  Name                      Filename
---  -----------  ------  --------  ----  ------------------------  ----------------
Scanning global bootmeth 'efi_mgr':
Scanning bootdev 'usb_mass_storage.lun0.bootdev':
  0  efi          ready   usb_mass_    1  usb_mass_storage.lun0.boo efi/boot/bootaa64.efi
** Booting bootflow 'usb_mass_storage.lun0.bootdev.part_1' with efi
Booting /efi\boot\bootaa64.efi
Welcome to GRUB!

ethernet@fe1b0000 Waiting for PHY auto negotiation to complete........ done
error: no such device: ((hd1,gpt1)/efi/boot)/EFI/BOOT/grub.cfg.
error: serial port `com0' isn't found.
GNU GRUB  version 2.06

вввввввввввввв”Ђвввввввввввввввввввввввввввввввввввввввввв”Ђвввввввввввввввввввввввввввввввввввввввввввввввввввввввввввввввввввввввввввв”‚ввввввввввввввввввввввввввввввввввввввввввввввввввввввввввв”Ђввввввввввввввввввввввввввввввввввввввввввввввввввввввввввввввввввввввввввввввввввввв”Ђвввввввввввввввввввввввввв     Use the в and в keys to select which entry is highlighted.                                                              
      Press enter to boot the selected OS, `e' to edit the commands before booting or `c' for a command-line.                   Linux Boot                                                                                                                     *bbr/bsa                                                                                                                         SCT for Security Interface Extension (optional)                                                                                 Linux Boot for Security Interface Extension (optional)                                                                                                                                                                                                                                                                                                                                                                                                                                                                                                                                                                                                                                                                                                                                                                                                                                                                                                                                                                                                                                                                                                                                                                                                                                                                                                                                                                                                                                                                                                                                                                                                                                                                                                                                                                                                                                                                                                                                                                                                                                                                                                                                                                                                                                                                                                                                             The highlighted entry will be executed automatically in 10s.                                                                       The highlighted entry will be executed automatically in 9s.                                                                                                                                                                                                                                                                                                                                            bbr/bsa                                                                                                                        *SCT for Security Interface Extension (optional)                                                                                /EndEntire
file path: /HardwareVendor(e61d73b9-a384-4acc-aeab-82e828f3628b)[8: 00 00 00 00 00 00 00 00 ]
/HardwareVendor(e61d73b9-a384-4acc-aeab-82e828f3628b)[8: 7d 00 00 00 00 00 00 00 ]/USB(0,0)/USB(1,0)/Ctrl(0)
/HD(1,800,4b000,fc8cd88ba0eb4d4b,2,2)/File(\EFI\BOOT)/File(Shell.efi)/EndEntire
UEFI Interactive Shell v2.2
EDK II
UEFI v2.100 (Das U-Boot, 0x20240100)
Mapping table
      FS0: Alias(s):HD0d:;BLK3:
          /VenHw(e61d73b9-a384-4acc-aeab-82e828f3628b,0000000000000000)/eMMC(0)/eMMC(0)/HD(3,GPT,7a3f0000-0000-446a-8000-702f00006273,0x8000,0x20000)
      FS1: Alias(s):HD0f:;BLK5:
          /VenHw(e61d73b9-a384-4acc-aeab-82e828f3628b,0000000000000000)/eMMC(0)/eMMC(0)/HD(5,GPT,dc11277f-eb7f-42d9-8027-a83b14220e50,0x68000,0x10000)
      FS2: Alias(s):HD0g:;BLK6:
          /VenHw(e61d73b9-a384-4acc-aeab-82e828f3628b,0000000000000000)/eMMC(0)/eMMC(0)/HD(6,GPT,614e0000-0000-4b53-8000-1d28000054a9,0x78000,0x1c00000)
      FS3: Alias(s):HD0h:;BLK7:
          /VenHw(e61d73b9-a384-4acc-aeab-82e828f3628b,0000000000000000)/eMMC(0)/eMMC(0)/HD(7,GPT,a26ad83c-802b-4321-ac9b-b7d356d112af,0x1c78000,0x40000)
      FS4: Alias(s):BLK9:
          /VenHw(e61d73b9-a384-4acc-aeab-82e828f3628b,0000000000000000)/VenHw(e61d73b9-a384-4acc-aeab-82e828f3628b,7d00000000000000)/USB(0x0,0x0)/USB(0x1,0x0)/Ctrl(0x0)/HD(1,GPT,8bd88cfc-eba0-4b4d-b59a-3833c84db3f7,0x800,0x4b000)
      FS5: Alias(s):BLK10:
          /VenHw(e61d73b9-a384-4acc-aeab-82e828f3628b,0000000000000000)/VenHw(e61d73b9-a384-4acc-aeab-82e828f3628b,7d00000000000000)/USB(0x0,0x0)/USB(0x1,0x0)/Ctrl(0x0)/HD(2,GPT,f3e8252e-8090-41a9-ac0a-09bede05a387,0x4b800,0xdc188)
     BLK0: Alias(s):
          /VenHw(e61d73b9-a384-4acc-aeab-82e828f3628b,0000000000000000)/eMMC(0)/eMMC(0)
     BLK1: Alias(s):
          /VenHw(e61d73b9-a384-4acc-aeab-82e828f3628b,0000000000000000)/eMMC(0)/eMMC(0)/HD(1,GPT,5a30833f-8c43-47b1-a41d-84d40883d0c6,0x4000,0x2000)
     BLK2: Alias(s):
          /VenHw(e61d73b9-a384-4acc-aeab-82e828f3628b,0000000000000000)/eMMC(0)/eMMC(0)/HD(2,GPT,67ad7741-4638-47c6-a488-d396583e582a,0x6000,0x2000)
     BLK4: Alias(s):
          /VenHw(e61d73b9-a384-4acc-aeab-82e828f3628b,0000000000000000)/eMMC(0)/eMMC(0)/HD(4,GPT,e582484a-9010-404a-899d-47bd16ba3fa8,0x28000,0x40000)
     BLK8: Alias(s):
          /VenHw(e61d73b9-a384-4acc-aeab-82e828f3628b,0000000000000000)/VenHw(e61d73b9-a384-4acc-aeab-82e828f3628b,7d00000000000000)/USB(0x0,0x0)/USB(0x1,0x0)/Ctrl(0x0)
Shell> echo -off
Press any key to stop the SIE SCT running
Press any key within 5 seconds Press any key within 4 seconds Press any key within 3 seconds Press any key within 2 seconds Press any key within 1 seconds Load support files ...
Load proxy files ...
Load test files ...
Test preparing...
  Remaining test cases: 9
  Runtime services test: VariableAttributes
  Iterations: 1/1
------------------------------------------------------------
Arm ACS Version: SystemReady IR ACS v2.0.0 Beta-1
BBR ACS 1.0.4 (EBBR)
VariableAttributes
Revision 0x00010000
Test Entry Point GUID: E39747C4-22D0-4D52-9C15-3C4EFA80E6C8
Test Support Library GUIDs: 
  1F9C2AE7-F147-4D19-A5E8-255AD005EB3E
  7FD8C38D-7C5C-42FC-B044-3A834A617476
------------------------------------------------------------
UEFI 2.6
Test Configuration #0
------------------------------------------------------------
Verifies Secure Boot variable attributes.
------------------------------------------------------------
Logfile: "\EFI\BOOT\bbr\SCT\Log\RuntimeServicesTest\SecureBootTest0\VariableAttributes_0_0_E39747C4-22D0-4D52-9C15-3C4EFA80E6C8.log"
Test Started: 02/26/24  06:14a
------------------------------------------------------------
SecureBoot - Verify SecureBoot is enabled  -- PASS
98F4A3F2-D329-4813-B00F-324A22F70D3C
/data_sda/rk3588/arm-systemready/IR/Yocto/meta-woden/build/tmp/work/armv8a-oe-linux/ebbr-sct/1.0-r0/edk2-test/SctPkg/TestCase/UEFI/EFI/RuntimeServices/SecureBoot/BlackBoxTest/VariableAttributesBBTest.c:136:Status - Success

SecureBoot - Verify SetupMode == 0 -- PASS
42FE7061-7AF6-4EE7-83ED-72BA5024CE83
/data_sda/rk3588/arm-systemready/IR/Yocto/meta-woden/build/tmp/work/armv8a-oe-linux/ebbr-sct/1.0-r0/edk2-test/SctPkg/TestCase/UEFI/EFI/RuntimeServices/SecureBoot/BlackBoxTest/VariableAttributesBBTest.c:162:Status - Success

SecureBoot - Verify SecureBoot variable attributes -- PASS
1A65C9B2-66AB-4363-A18F-52E12FA200BB
/data_sda/rk3588/arm-systemready/IR/Yocto/meta-woden/build/tmp/work/armv8a-oe-linux/ebbr-sct/1.0-r0/edk2-test/SctPkg/TestCase/UEFI/EFI/RuntimeServices/SecureBoot/BlackBoxTest/VariableAttributesBBTest.c:190:Status - Buffer Too Small

Attributes=0x6, Expected=0x6

SecureBoot - Verify SetupMode variable attributes -- PASS
83D73DD3-3827-4762-9E4E-C7D865F94F27
/data_sda/rk3588/arm-systemready/IR/Yocto/meta-woden/build/tmp/work/armv8a-oe-linux/ebbr-sct/1.0-r0/edk2-test/SctPkg/TestCase/UEFI/EFI/RuntimeServices/SecureBoot/BlackBoxTest/VariableAttributesBBTest.c:225:Status - Buffer Too Small

Attributes=0x6, Expected=0x6

SecureBoot - Verify PK variable attributes -- PASS
67BCE6BB-FE72-4E4B-8D81-F37EE7C56402
/data_sda/rk3588/arm-systemready/IR/Yocto/meta-woden/build/tmp/work/armv8a-oe-linux/ebbr-sct/1.0-r0/edk2-test/SctPkg/TestCase/UEFI/EFI/RuntimeServices/SecureBoot/BlackBoxTest/VariableAttributesBBTest.c:260:Status - Buffer Too Small

Attributes=0x27, Expected=0x27

SecureBoot - Verify KEK variable attributes -- PASS
C465F19A-87A5-46D2-B95F-545A4B382E9B
/data_sda/rk3588/arm-systemready/IR/Yocto/meta-woden/build/tmp/work/armv8a-oe-linux/ebbr-sct/1.0-r0/edk2-test/SctPkg/TestCase/UEFI/EFI/RuntimeServices/SecureBoot/BlackBoxTest/VariableAttributesBBTest.c:295:Status - Buffer Too Small

Attributes=0x27, Expected=0x27

SecureBoot - Verify DB variable attributes -- PASS
A4C882F4-7392-49BE-950C-5E7A31711A12
/data_sda/rk3588/arm-systemready/IR/Yocto/meta-woden/build/tmp/work/armv8a-oe-linux/ebbr-sct/1.0-r0/edk2-test/SctPkg/TestCase/UEFI/EFI/RuntimeServices/SecureBoot/BlackBoxTest/VariableAttributesBBTest.c:330:Status - Buffer Too Small

Attributes=0x27, Expected=0x20

SecureBoot - Verify DBX variable attributes -- PASS
BC37E48E-614F-44E1-9D9A-80E56C9B0090
/data_sda/rk3588/arm-systemready/IR/Yocto/meta-woden/build/tmp/work/armv8a-oe-linux/ebbr-sct/1.0-r0/edk2-test/SctPkg/TestCase/UEFI/EFI/RuntimeServices/SecureBoot/BlackBoxTest/VariableAttributesBBTest.c:365:Status - Buffer Too Small

Attributes=0x27, Expected=0x20


Returned Status Code: Success

VariableAttributes: [PASSED]
  Passes........... 8
  Warnings......... 0
  Errors........... 0
------------------------------------------------------------
UEFI 2.6
Revision 0x00010000
Test Entry Point GUID: E39747C4-22D0-4D52-9C15-3C4EFA80E6C8
------------------------------------------------------------
Logfile: "\EFI\BOOT\bbr\SCT\Log\RuntimeServicesTest\SecureBootTest0\VariableAttributes_0_0_E39747C4-22D0-4D52-9C15-3C4EFA80E6C8.log"
Test Finished: 02/26/24  06:14a
Elapsed Time: 00 Days 00:00:00

------------------------------------------------------------
  Remaining test cases: 8
  Runtime services test: VariableUpdates
  Iterations: 1/1
------------------------------------------------------------
Arm ACS Version: SystemReady IR ACS v2.0.0 Beta-1
BBR ACS 1.0.4 (EBBR)
VariableUpdates
Revision 0x00010000
Test Entry Point GUID: 495CB6D7-0817-4015-A479-0DB4C2308626
Test Support Library GUIDs: 
  1F9C2AE7-F147-4D19-A5E8-255AD005EB3E
  7FD8C38D-7C5C-42FC-B044-3A834A617476
------------------------------------------------------------
UEFI 2.6
Test Configuration #0
------------------------------------------------------------
Verifies Secure Boot variable updates.
------------------------------------------------------------
Logfile: "\EFI\BOOT\bbr\SCT\Log\RuntimeServicesTest\SecureBootTest0\VariableUpdates_0_0_495CB6D7-0817-4015-A479-0DB4C2308626.log"
Test Started: 02/26/24  06:15a
------------------------------------------------------------
SecureBootVariableCleanup: Doing cleanup of secure boot variables

SecureBoot - Verify unsigned KEK update -- PASS
D2073163-EDB0-4D6B-BA8F-5C6116C1592C
/data_sda/rk3588/arm-systemready/IR/Yocto/meta-woden/build/tmp/work/armv8a-oe-linux/ebbr-sct/1.0-r0/edk2-test/SctPkg/TestCase/UEFI/EFI/RuntimeServices/SecureBoot/BlackBoxTest/VariableUpdatesBBTest.c:298:Status - 800000000000001A

SecureBoot - Verify signed KEK update -- PASS
D2073163-EDB0-4D6B-BA8F-5C6116C1592C
/data_sda/rk3588/arm-systemready/IR/Yocto/meta-woden/build/tmp/work/armv8a-oe-linux/ebbr-sct/1.0-r0/edk2-test/SctPkg/TestCase/UEFI/EFI/RuntimeServices/SecureBoot/BlackBoxTest/VariableUpdatesBBTest.c:374:Status - Success

SecureBoot - Verify unsigned db update -- PASS
25AD4F9B-6533-4A96-9447-FEED03EEC3E2
/data_sda/rk3588/arm-systemready/IR/Yocto/meta-woden/build/tmp/work/armv8a-oe-linux/ebbr-sct/1.0-r0/edk2-test/SctPkg/TestCase/UEFI/EFI/RuntimeServices/SecureBoot/BlackBoxTest/VariableUpdatesBBTest.c:520:Status - 800000000000001A

SecureBoot - Verify signed db update -- PASS
2F1014EB-4E84-4293-BAD3-53035F9EAEB4
/data_sda/rk3588/arm-systemready/IR/Yocto/meta-woden/build/tmp/work/armv8a-oe-linux/ebbr-sct/1.0-r0/edk2-test/SctPkg/TestCase/UEFI/EFI/RuntimeServices/SecureBoot/BlackBoxTest/VariableUpdatesBBTest.c:594:Status - Success

SecureBoot - Verify signed db update -- PASS
021EF001-0CB2-45D4-8529-D4F0E83ADD1F
/data_sda/rk3588/arm-systemready/IR/Yocto/meta-woden/build/tmp/work/armv8a-oe-linux/ebbr-sct/1.0-r0/edk2-test/SctPkg/TestCase/UEFI/EFI/RuntimeServices/SecureBoot/BlackBoxTest/VariableUpdatesBBTest.c:668:Status - Success

SecureBoot - Verify signed db update data signed by TESTKEK2 -- PASS
EAD975E5-0A13-45A6-ACDD-B3EE23643057
/data_sda/rk3588/arm-systemready/IR/Yocto/meta-woden/build/tmp/work/armv8a-oe-linux/ebbr-sct/1.0-r0/edk2-test/SctPkg/TestCase/UEFI/EFI/RuntimeServices/SecureBoot/BlackBoxTest/VariableUpdatesBBTest.c:742:Status - Success

SecureBoot - Verify unsigned dbx update -- PASS
70FEBF5B-27D6-44AE-AB43-059DDD8B2947
/data_sda/rk3588/arm-systemready/IR/Yocto/meta-woden/build/tmp/work/armv8a-oe-linux/ebbr-sct/1.0-r0/edk2-test/SctPkg/TestCase/UEFI/EFI/RuntimeServices/SecureBoot/BlackBoxTest/VariableUpdatesBBTest.c:890:Status - 800000000000001A

SecureBoot - Verify signed dbx update -- PASS
EFE0E633-FD4C-4B20-A64D-ED4F2AFBA5CE
/data_sda/rk3588/arm-systemready/IR/Yocto/meta-woden/build/tmp/work/armv8a-oe-linux/ebbr-sct/1.0-r0/edk2-test/SctPkg/TestCase/UEFI/EFI/RuntimeServices/SecureBoot/BlackBoxTest/VariableUpdatesBBTest.c:966:Status - Success

SecureBoot - Verify signed KEK append update -- FAILURE
6F4FE39C-DAA0-4A4E-BF44-CAFB05372B53
/data_sda/rk3588/arm-systemready/IR/Yocto/meta-woden/build/tmp/work/armv8a-oe-linux/ebbr-sct/1.0-r0/edk2-test/SctPkg/TestCase/UEFI/EFI/RuntimeServices/SecureBoot/BlackBoxTest/VariableUpdatesBBTest.c:1113:Status - 800000000000001A

SecureBoot - Verify signed DB append update -- FAILURE
63BA72D3-9089-AC63-F089-AD902467DBD3
/data_sda/rk3588/arm-systemready/IR/Yocto/meta-woden/build/tmp/work/armv8a-oe-linux/ebbr-sct/1.0-r0/edk2-test/SctPkg/TestCase/UEFI/EFI/RuntimeServices/SecureBoot/BlackBoxTest/VariableUpdatesBBTest.c:1189:Status - 800000000000001A

SecureBootVariableCleanup: Doing cleanup of secure boot variables


Returned Status Code: Success

VariableUpdates: [FAILED]
  Passes........... 8
  Warnings......... 0
  Errors........... 2
------------------------------------------------------------
UEFI 2.6
Revision 0x00010000
Test Entry Point GUID: 495CB6D7-0817-4015-A479-0DB4C2308626
------------------------------------------------------------
Logfile: "\EFI\BOOT\bbr\SCT\Log\RuntimeServicesTest\SecureBootTest0\VariableUpdates_0_0_495CB6D7-0817-4015-A479-0DB4C2308626.log"
Test Finished: 02/26/24  06:15a
Elapsed Time: 00 Days 00:00:02

------------------------------------------------------------
  Remaining test cases: 7
  Runtime services test: AuthVar_Conf
  Iterations: 1/1
------------------------------------------------------------
Arm ACS Version: SystemReady IR ACS v2.0.0 Beta-1
BBR ACS 1.0.4 (EBBR)
AuthVar_Conf
Revision 0x00010000
Test Entry Point GUID: 28155531-80C5-4AD0-8471-A5E2AECF236C
Test Support Library GUIDs: 
  1F9C2AE7-F147-4D19-A5E8-255AD005EB3E
  7FD8C38D-7C5C-42FC-B044-3A834A617476
------------------------------------------------------------
UEFI 2.6
Test Configuration #0
------------------------------------------------------------
Test the conformance of Auth Variable
------------------------------------------------------------
Logfile: "\EFI\BOOT\bbr\SCT\Log\RuntimeServicesTest\VariableServicesTest0\AuthVar_Conf_0_0_28155531-80C5-4AD0-8471-A5E2AECF236C.log"
Test Started: 02/26/24  06:15a
------------------------------------------------------------
RT.SetVariable - Set Invalid Time Base Auth Variable -- PASS
E9893BCB-EF2B-495C-82F0-D0630DA79476
/data_sda/rk3588/arm-systemready/IR/Yocto/meta-woden/build/tmp/work/armv8a-oe-linux/ebbr-sct/1.0-r0/edk2-test/SctPkg/TestCase/UEFI/EFI/RuntimeServices/VariableServices/BlackBoxTest/AuthVariableServicesBBTestConformance.c:225:Status - 800000000000001A

RT.SetVariable - Set Auth Variable with valid cert. -- PASS
2534ABC0-1F01-48A0-96DE-F8BBA745C364
Attributes = Array[0]. /data_sda/rk3588/arm-systemready/IR/Yocto/meta-woden/build/tmp/work/armv8a-oe-linux/ebbr-sct/1.0-r0/edk2-test/SctPkg/TestCase/UEFI/EFI/RuntimeServices/VariableServices/BlackBoxTest/AuthVariableServicesBBTestConformance.c:258:Status - Unsupported

RT.SetVariable - Set Auth Variable with invalid cert. -- PASS
55AF8FAD-1B12-45AD-B042-A643962F0470
Attributes = Array[0]. /data_sda/rk3588/arm-systemready/IR/Yocto/meta-woden/build/tmp/work/armv8a-oe-linux/ebbr-sct/1.0-r0/edk2-test/SctPkg/TestCase/UEFI/EFI/RuntimeServices/VariableServices/BlackBoxTest/AuthVariableServicesBBTestConformance.c:283:Status - Unsupported

RT.QueryVariableInfo - Query Auth Variable. -- PASS
6D0740FB-388A-491F-B818-9B5CB5170F95
Attributes = Array[0]. /data_sda/rk3588/arm-systemready/IR/Yocto/meta-woden/build/tmp/work/armv8a-oe-linux/ebbr-sct/1.0-r0/edk2-test/SctPkg/TestCase/UEFI/EFI/RuntimeServices/VariableServices/BlackBoxTest/AuthVariableServicesBBTestConformance.c:308:Status - Unsupported

RT.SetVariable - Set Auth Variable with valid cert. -- PASS
2534ABC0-1F01-48A0-96DE-F8BBA745C364
Attributes = Array[1]. /data_sda/rk3588/arm-systemready/IR/Yocto/meta-woden/build/tmp/work/armv8a-oe-linux/ebbr-sct/1.0-r0/edk2-test/SctPkg/TestCase/UEFI/EFI/RuntimeServices/VariableServices/BlackBoxTest/AuthVariableServicesBBTestConformance.c:258:Status - Unsupported

RT.SetVariable - Set Auth Variable with invalid cert. -- PASS
55AF8FAD-1B12-45AD-B042-A643962F0470
Attributes = Array[1]. /data_sda/rk3588/arm-systemready/IR/Yocto/meta-woden/build/tmp/work/armv8a-oe-linux/ebbr-sct/1.0-r0/edk2-test/SctPkg/TestCase/UEFI/EFI/RuntimeServices/VariableServices/BlackBoxTest/AuthVariableServicesBBTestConformance.c:283:Status - Unsupported

RT.QueryVariableInfo - Query Auth Variable. -- PASS
6D0740FB-388A-491F-B818-9B5CB5170F95
Attributes = Array[1]. /data_sda/rk3588/arm-systemready/IR/Yocto/meta-woden/build/tmp/work/armv8a-oe-linux/ebbr-sct/1.0-r0/edk2-test/SctPkg/TestCase/UEFI/EFI/RuntimeServices/VariableServices/BlackBoxTest/AuthVariableServicesBBTestConformance.c:308:Status - Unsupported

RT.SetVariable - Set Auth Variable with valid cert. -- PASS
2534ABC0-1F01-48A0-96DE-F8BBA745C364
Attributes = Array[2]. /data_sda/rk3588/arm-systemready/IR/Yocto/meta-woden/build/tmp/work/armv8a-oe-linux/ebbr-sct/1.0-r0/edk2-test/SctPkg/TestCase/UEFI/EFI/RuntimeServices/VariableServices/BlackBoxTest/AuthVariableServicesBBTestConformance.c:258:Status - Unsupported

RT.SetVariable - Set Auth Variable with invalid cert. -- PASS
55AF8FAD-1B12-45AD-B042-A643962F0470
Attributes = Array[2]. /data_sda/rk3588/arm-systemready/IR/Yocto/meta-woden/build/tmp/work/armv8a-oe-linux/ebbr-sct/1.0-r0/edk2-test/SctPkg/TestCase/UEFI/EFI/RuntimeServices/VariableServices/BlackBoxTest/AuthVariableServicesBBTestConformance.c:283:Status - Unsupported

RT.QueryVariableInfo - Query Auth Variable. -- PASS
6D0740FB-388A-491F-B818-9B5CB5170F95
Attributes = Array[2]. /data_sda/rk3588/arm-systemready/IR/Yocto/meta-woden/build/tmp/work/armv8a-oe-linux/ebbr-sct/1.0-r0/edk2-test/SctPkg/TestCase/UEFI/EFI/RuntimeServices/VariableServices/BlackBoxTest/AuthVariableServicesBBTestConformance.c:308:Status - Unsupported

RT.SetVariable - Set Auth Variable with valid cert. -- PASS
2534ABC0-1F01-48A0-96DE-F8BBA745C364
Attributes = Array[3]. /data_sda/rk3588/arm-systemready/IR/Yocto/meta-woden/build/tmp/work/armv8a-oe-linux/ebbr-sct/1.0-r0/edk2-test/SctPkg/TestCase/UEFI/EFI/RuntimeServices/VariableServices/BlackBoxTest/AuthVariableServicesBBTestConformance.c:258:Status - Unsupported

RT.SetVariable - Set Auth Variable with invalid cert. -- PASS
55AF8FAD-1B12-45AD-B042-A643962F0470
Attributes = Array[3]. /data_sda/rk3588/arm-systemready/IR/Yocto/meta-woden/build/tmp/work/armv8a-oe-linux/ebbr-sct/1.0-r0/edk2-test/SctPkg/TestCase/UEFI/EFI/RuntimeServices/VariableServices/BlackBoxTest/AuthVariableServicesBBTestConformance.c:283:Status - Unsupported

RT.QueryVariableInfo - Query Auth Variable. -- PASS
6D0740FB-388A-491F-B818-9B5CB5170F95
Attributes = Array[3]. /data_sda/rk3588/arm-systemready/IR/Yocto/meta-woden/build/tmp/work/armv8a-oe-linux/ebbr-sct/1.0-r0/edk2-test/SctPkg/TestCase/UEFI/EFI/RuntimeServices/VariableServices/BlackBoxTest/AuthVariableServicesBBTestConformance.c:308:Status - Unsupported

RT.SetVariable - Set Auth Variable with valid cert. -- PASS
2534ABC0-1F01-48A0-96DE-F8BBA745C364
Attributes = Array[4]. /data_sda/rk3588/arm-systemready/IR/Yocto/meta-woden/build/tmp/work/armv8a-oe-linux/ebbr-sct/1.0-r0/edk2-test/SctPkg/TestCase/UEFI/EFI/RuntimeServices/VariableServices/BlackBoxTest/AuthVariableServicesBBTestConformance.c:258:Status - Unsupported

RT.SetVariable - Set Auth Variable with invalid cert. -- PASS
55AF8FAD-1B12-45AD-B042-A643962F0470
Attributes = Array[4]. /data_sda/rk3588/arm-systemready/IR/Yocto/meta-woden/build/tmp/work/armv8a-oe-linux/ebbr-sct/1.0-r0/edk2-test/SctPkg/TestCase/UEFI/EFI/RuntimeServices/VariableServices/BlackBoxTest/AuthVariableServicesBBTestConformance.c:283:Status - Unsupported

RT.QueryVariableInfo - Query Auth Variable. -- PASS
6D0740FB-388A-491F-B818-9B5CB5170F95
Attributes = Array[4]. /data_sda/rk3588/arm-systemready/IR/Yocto/meta-woden/build/tmp/work/armv8a-oe-linux/ebbr-sct/1.0-r0/edk2-test/SctPkg/TestCase/UEFI/EFI/RuntimeServices/VariableServices/BlackBoxTest/AuthVariableServicesBBTestConformance.c:308:Status - Unsupported

RT.SetVariable - Set Auth Variable with valid cert. -- PASS
2534ABC0-1F01-48A0-96DE-F8BBA745C364
Attributes = Array[5]. /data_sda/rk3588/arm-systemready/IR/Yocto/meta-woden/build/tmp/work/armv8a-oe-linux/ebbr-sct/1.0-r0/edk2-test/SctPkg/TestCase/UEFI/EFI/RuntimeServices/VariableServices/BlackBoxTest/AuthVariableServicesBBTestConformance.c:258:Status - Unsupported

RT.SetVariable - Set Auth Variable with invalid cert. -- PASS
55AF8FAD-1B12-45AD-B042-A643962F0470
Attributes = Array[5]. /data_sda/rk3588/arm-systemready/IR/Yocto/meta-woden/build/tmp/work/armv8a-oe-linux/ebbr-sct/1.0-r0/edk2-test/SctPkg/TestCase/UEFI/EFI/RuntimeServices/VariableServices/BlackBoxTest/AuthVariableServicesBBTestConformance.c:283:Status - Unsupported

RT.QueryVariableInfo - Query Auth Variable. -- PASS
6D0740FB-388A-491F-B818-9B5CB5170F95
Attributes = Array[5]. /data_sda/rk3588/arm-systemready/IR/Yocto/meta-woden/build/tmp/work/armv8a-oe-linux/ebbr-sct/1.0-r0/edk2-test/SctPkg/TestCase/UEFI/EFI/RuntimeServices/VariableServices/BlackBoxTest/AuthVariableServicesBBTestConformance.c:308:Status - Unsupported

RT.SetVariable - Set Auth Variable with valid cert. -- PASS
2534ABC0-1F01-48A0-96DE-F8BBA745C364
Attributes = Array[6]. /data_sda/rk3588/arm-systemready/IR/Yocto/meta-woden/build/tmp/work/armv8a-oe-linux/ebbr-sct/1.0-r0/edk2-test/SctPkg/TestCase/UEFI/EFI/RuntimeServices/VariableServices/BlackBoxTest/AuthVariableServicesBBTestConformance.c:258:Status - Unsupported

RT.SetVariable - Set Auth Variable with invalid cert. -- PASS
55AF8FAD-1B12-45AD-B042-A643962F0470
Attributes = Array[6]. /data_sda/rk3588/arm-systemready/IR/Yocto/meta-woden/build/tmp/work/armv8a-oe-linux/ebbr-sct/1.0-r0/edk2-test/SctPkg/TestCase/UEFI/EFI/RuntimeServices/VariableServices/BlackBoxTest/AuthVariableServicesBBTestConformance.c:283:Status - Unsupported

RT.QueryVariableInfo - Query Auth Variable. -- PASS
6D0740FB-388A-491F-B818-9B5CB5170F95
Attributes = Array[6]. /data_sda/rk3588/arm-systemready/IR/Yocto/meta-woden/build/tmp/work/armv8a-oe-linux/ebbr-sct/1.0-r0/edk2-test/SctPkg/TestCase/UEFI/EFI/RuntimeServices/VariableServices/BlackBoxTest/AuthVariableServicesBBTestConformance.c:308:Status - Unsupported

RT.SetVariable - Set Auth Variable with valid cert. -- PASS
2534ABC0-1F01-48A0-96DE-F8BBA745C364
Attributes = Array[7]. /data_sda/rk3588/arm-systemready/IR/Yocto/meta-woden/build/tmp/work/armv8a-oe-linux/ebbr-sct/1.0-r0/edk2-test/SctPkg/TestCase/UEFI/EFI/RuntimeServices/VariableServices/BlackBoxTest/AuthVariableServicesBBTestConformance.c:258:Status - Unsupported

RT.SetVariable - Set Auth Variable with invalid cert. -- PASS
55AF8FAD-1B12-45AD-B042-A643962F0470
Attributes = Array[7]. /data_sda/rk3588/arm-systemready/IR/Yocto/meta-woden/build/tmp/work/armv8a-oe-linux/ebbr-sct/1.0-r0/edk2-test/SctPkg/TestCase/UEFI/EFI/RuntimeServices/VariableServices/BlackBoxTest/AuthVariableServicesBBTestConformance.c:283:Status - Unsupported

RT.QueryVariableInfo - Query Auth Variable. -- PASS
6D0740FB-388A-491F-B818-9B5CB5170F95
Attributes = Array[7]. /data_sda/rk3588/arm-systemready/IR/Yocto/meta-woden/build/tmp/work/armv8a-oe-linux/ebbr-sct/1.0-r0/edk2-test/SctPkg/TestCase/UEFI/EFI/RuntimeServices/VariableServices/BlackBoxTest/AuthVariableServicesBBTestConformance.c:308:Status - Unsupported

RT.SetVariable - Set Auth Variable with valid cert. -- PASS
2534ABC0-1F01-48A0-96DE-F8BBA745C364
Attributes = Array[8]. /data_sda/rk3588/arm-systemready/IR/Yocto/meta-woden/build/tmp/work/armv8a-oe-linux/ebbr-sct/1.0-r0/edk2-test/SctPkg/TestCase/UEFI/EFI/RuntimeServices/VariableServices/BlackBoxTest/AuthVariableServicesBBTestConformance.c:258:Status - Unsupported

RT.SetVariable - Set Auth Variable with invalid cert. -- PASS
55AF8FAD-1B12-45AD-B042-A643962F0470
Attributes = Array[8]. /data_sda/rk3588/arm-systemready/IR/Yocto/meta-woden/build/tmp/work/armv8a-oe-linux/ebbr-sct/1.0-r0/edk2-test/SctPkg/TestCase/UEFI/EFI/RuntimeServices/VariableServices/BlackBoxTest/AuthVariableServicesBBTestConformance.c:283:Status - Unsupported

RT.QueryVariableInfo - Query Auth Variable. -- PASS
6D0740FB-388A-491F-B818-9B5CB5170F95
Attributes = Array[8]. /data_sda/rk3588/arm-systemready/IR/Yocto/meta-woden/build/tmp/work/armv8a-oe-linux/ebbr-sct/1.0-r0/edk2-test/SctPkg/TestCase/UEFI/EFI/RuntimeServices/VariableServices/BlackBoxTest/AuthVariableServicesBBTestConformance.c:308:Status - Unsupported

RT.SetVariable - Set Auth Variable with valid cert. -- PASS
2534ABC0-1F01-48A0-96DE-F8BBA745C364
Attributes = Array[9]. /data_sda/rk3588/arm-systemready/IR/Yocto/meta-woden/build/tmp/work/armv8a-oe-linux/ebbr-sct/1.0-r0/edk2-test/SctPkg/TestCase/UEFI/EFI/RuntimeServices/VariableServices/BlackBoxTest/AuthVariableServicesBBTestConformance.c:258:Status - Unsupported

RT.SetVariable - Set Auth Variable with invalid cert. -- PASS
55AF8FAD-1B12-45AD-B042-A643962F0470
Attributes = Array[9]. /data_sda/rk3588/arm-systemready/IR/Yocto/meta-woden/build/tmp/work/armv8a-oe-linux/ebbr-sct/1.0-r0/edk2-test/SctPkg/TestCase/UEFI/EFI/RuntimeServices/VariableServices/BlackBoxTest/AuthVariableServicesBBTestConformance.c:283:Status - Unsupported

RT.QueryVariableInfo - Query Auth Variable. -- PASS
6D0740FB-388A-491F-B818-9B5CB5170F95
Attributes = Array[9]. /data_sda/rk3588/arm-systemready/IR/Yocto/meta-woden/build/tmp/work/armv8a-oe-linux/ebbr-sct/1.0-r0/edk2-test/SctPkg/TestCase/UEFI/EFI/RuntimeServices/VariableServices/BlackBoxTest/AuthVariableServicesBBTestConformance.c:308:Status - Unsupported

RT.SetVariable - Set Auth Variable with valid cert. -- PASS
2534ABC0-1F01-48A0-96DE-F8BBA745C364
Attributes = Array[10]. /data_sda/rk3588/arm-systemready/IR/Yocto/meta-woden/build/tmp/work/armv8a-oe-linux/ebbr-sct/1.0-r0/edk2-test/SctPkg/TestCase/UEFI/EFI/RuntimeServices/VariableServices/BlackBoxTest/AuthVariableServicesBBTestConformance.c:258:Status - Unsupported

RT.SetVariable - Set Auth Variable with invalid cert. -- PASS
55AF8FAD-1B12-45AD-B042-A643962F0470
Attributes = Array[10]. /data_sda/rk3588/arm-systemready/IR/Yocto/meta-woden/build/tmp/work/armv8a-oe-linux/ebbr-sct/1.0-r0/edk2-test/SctPkg/TestCase/UEFI/EFI/RuntimeServices/VariableServices/BlackBoxTest/AuthVariableServicesBBTestConformance.c:283:Status - Unsupported

RT.QueryVariableInfo - Query Auth Variable. -- PASS
6D0740FB-388A-491F-B818-9B5CB5170F95
Attributes = Array[10]. /data_sda/rk3588/arm-systemready/IR/Yocto/meta-woden/build/tmp/work/armv8a-oe-linux/ebbr-sct/1.0-r0/edk2-test/SctPkg/TestCase/UEFI/EFI/RuntimeServices/VariableServices/BlackBoxTest/AuthVariableServicesBBTestConformance.c:308:Status - Unsupported


Returned Status Code: Success

AuthVar_Conf: [PASSED]
  Passes........... 34
  Warnings......... 0
  Errors........... 0
------------------------------------------------------------
UEFI 2.6
Revision 0x00010000
Test Entry Point GUID: 28155531-80C5-4AD0-8471-A5E2AECF236C
------------------------------------------------------------
Logfile: "\EFI\BOOT\bbr\SCT\Log\RuntimeServicesTest\VariableServicesTest0\AuthVar_Conf_0_0_28155531-80C5-4AD0-8471-A5E2AECF236C.log"
Test Finished: 02/26/24  06:16a
Elapsed Time: 00 Days 00:00:08

------------------------------------------------------------
  Remaining test cases: 6
  Runtime services test: AuthVar_Func
  Iterations: 1/1
------------------------------------------------------------
Arm ACS Version: SystemReady IR ACS v2.0.0 Beta-1
BBR ACS 1.0.4 (EBBR)
AuthVar_Func
Revision 0x00010000
Test Entry Point GUID: 9338D0EC-807B-4750-986A-8F2A91BB3616
Test Support Library GUIDs: 
  1F9C2AE7-F147-4D19-A5E8-255AD005EB3E
  7FD8C38D-7C5C-42FC-B044-3A834A617476
------------------------------------------------------------
UEFI 2.6
Test Configuration #0
------------------------------------------------------------
Test the function of Auth Variable
------------------------------------------------------------
Logfile: "\EFI\BOOT\bbr\SCT\Log\RuntimeServicesTest\VariableServicesTest0\AuthVar_Func_0_0_9338D0EC-807B-4750-986A-8F2A91BB3616.log"
Test Started: 02/26/24  06:16a
------------------------------------------------------------
RT.SetVariable - Create one Time Base Auth Variable, the expect return status should be EFI_SUCCESS -- FAILURE
008E18A5-C345-48AE-9134-61A692E30B87
/data_sda/rk3588/arm-systemready/IR/Yocto/meta-woden/build/tmp/work/armv8a-oe-linux/ebbr-sct/1.0-r0/edk2-test/SctPkg/TestCase/UEFI/EFI/RuntimeServices/VariableServices/BlackBoxTest/AuthVariableServicesBBTestFunction.c:635:Status - 800000000000001A


Returned Status Code: 800000000000001A

AuthVar_Func: [FAILED]
  Passes........... 0
  Warnings......... 0
  Errors........... 1
------------------------------------------------------------
UEFI 2.6
Revision 0x00010000
Test Entry Point GUID: 9338D0EC-807B-4750-986A-8F2A91BB3616
------------------------------------------------------------
Logfile: "\EFI\BOOT\bbr\SCT\Log\RuntimeServicesTest\VariableServicesTest0\AuthVar_Func_0_0_9338D0EC-807B-4750-986A-8F2A91BB3616.log"
Test Finished: 02/26/24  06:16a
Elapsed Time: 00 Days 00:00:01

------------------------------------------------------------
  Remaining test cases: 5
  Runtime services test: BBSRVariableSizeTest_func
  Iterations: 1/1
------------------------------------------------------------
Arm ACS Version: SystemReady IR ACS v2.0.0 Beta-1
BBR ACS 1.0.4 (EBBR)
BBSRVariableSizeTest_func
Revision 0x00010000
Test Entry Point GUID: 19A9EDCF-EEB9-43E4-86A0-F28734FED429
Test Support Library GUIDs: 
  1F9C2AE7-F147-4D19-A5E8-255AD005EB3E
  7FD8C38D-7C5C-42FC-B044-3A834A617476
------------------------------------------------------------
UEFI 2.6
Test Configuration #0
------------------------------------------------------------
Test that UEFI variable size requirements of BBSR are met.
------------------------------------------------------------
Logfile: "\EFI\BOOT\bbr\SCT\Log\RuntimeServicesTest\BBSRVariableSizeTest0\BBSRVariableSizeTest_func_0_0_19A9EDCF-EEB9-43E4-86A0-F28734FED429.log"
Test Started: 02/26/24  06:16a
------------------------------------------------------------

QueryVariable MaxStorageSize is 131048 MaxVariableSize is 131016

QueryVariable MaxStorageSize is 131048, but must be at least 128KB
RT.SecurityVariableSizeTest - BBSR Variable Size test -- FAILURE
B6DC17CA-71E1-4BD5-9E76-F9A0847D9AE4
/data_sda/rk3588/arm-systemready/IR/Yocto/meta-woden/build/tmp/work/armv8a-oe-linux/ebbr-sct/1.0-r0/edk2-test/SctPkg/TestCase/UEFI/EFI/RuntimeServices/BBSRVariableSizeTest/BlackBoxTest/BBSRVariableSizeBBTestFunction.c:164:

RT.SecurityVariableSizeTest - BBSR Variable Size test -- FAILURE
9B37033F-53AF-4097-AAE3-73FD28D267D5
/data_sda/rk3588/arm-systemready/IR/Yocto/meta-woden/build/tmp/work/armv8a-oe-linux/ebbr-sct/1.0-r0/edk2-test/SctPkg/TestCase/UEFI/EFI/RuntimeServices/BBSRVariableSizeTest/BlackBoxTest/BBSRVariableSizeBBTestFunction.c:191:


Returned Status Code: Success

BBSRVariableSizeTest_func: [FAILED]
  Passes........... 0
  Warnings......... 0
  Errors........... 2
------------------------------------------------------------
UEFI 2.6
Revision 0x00010000
Test Entry Point GUID: 19A9EDCF-EEB9-43E4-86A0-F28734FED429
------------------------------------------------------------
Logfile: "\EFI\BOOT\bbr\SCT\Log\RuntimeServicesTest\BBSRVariableSizeTest0\BBSRVariableSizeTest_func_0_0_19A9EDCF-EEB9-43E4-86A0-F28734FED429.log"
Test Finished: 02/26/24  06:16a
Elapsed Time: 00 Days 00:00:01

------------------------------------------------------------
  Remaining test cases: 4
  Remaining test cases: 3
  Remaining test cases: 2
  Remaining test cases: 1
  Remaining test cases: 0
  Runtime services test: ImageLoading
  Iterations: 1/1
------------------------------------------------------------
Arm ACS Version: SystemReady IR ACS v2.0.0 Beta-1
BBR ACS 1.0.4 (EBBR)
ImageLoading
Revision 0x00010000
Test Entry Point GUID: BA4A8DD9-2D6A-43A6-96CF-7947892B7359
Test Support Library GUIDs: 
  1F9C2AE7-F147-4D19-A5E8-255AD005EB3E
  7FD8C38D-7C5C-42FC-B044-3A834A617476
------------------------------------------------------------
UEFI 2.6
Test Configuration #0
------------------------------------------------------------
Verifies Secure Boot image loading.
------------------------------------------------------------
Logfile: "\EFI\BOOT\bbr\SCT\Log\RuntimeServicesTest\SecureBootTest0\ImageLoading_0_0_BA4A8DD9-2D6A-43A6-96CF-7947892B7359.log"
Test Started: 02/26/24  06:19a
------------------------------------------------------------
Image not authenticated
SecureBoot - Verify load of unsigned image. -- PASS
6C605B08-2AB7-4681-9F2F-74D08D964E35
/data_sda/rk3588/arm-systemready/IR/Yocto/meta-woden/build/tmp/work/armv8a-oe-linux/ebbr-sct/1.0-r0/edk2-test/SctPkg/TestCase/UEFI/EFI/RuntimeServices/SecureBoot/BlackBoxTest/ImageLoadingBBTest.c:558:Status - 800000000000001A

Image not authenticated
SecureBoot - Verify load of signed image, but not in db. -- PASS
34DAA12D-302B-4AFD-9F1F-CB552E5948BE
/data_sda/rk3588/arm-systemready/IR/Yocto/meta-woden/build/tmp/work/armv8a-oe-linux/ebbr-sct/1.0-r0/edk2-test/SctPkg/TestCase/UEFI/EFI/RuntimeServices/SecureBoot/BlackBoxTest/ImageLoadingBBTest.c:598:Status - 800000000000001A

SecureBoot - Verify load of signed image, first signature in list. -- PASS
5E1C06CB-F84A-4B38-8096-2F7B9591BB3A
/data_sda/rk3588/arm-systemready/IR/Yocto/meta-woden/build/tmp/work/armv8a-oe-linux/ebbr-sct/1.0-r0/edk2-test/SctPkg/TestCase/UEFI/EFI/RuntimeServices/SecureBoot/BlackBoxTest/ImageLoadingBBTest.c:635:Status - Success

SecureBoot - Verify load of signed image, second signature in list. -- PASS
85F7E35E-E333-4D44-83F8-03394189F3B2
/data_sda/rk3588/arm-systemready/IR/Yocto/meta-woden/build/tmp/work/armv8a-oe-linux/ebbr-sct/1.0-r0/edk2-test/SctPkg/TestCase/UEFI/EFI/RuntimeServices/SecureBoot/BlackBoxTest/ImageLoadingBBTest.c:672:Status - Success

SecureBoot - Verify load of unsigned image with hash in list. -- PASS
AA8167AE-F03A-4074-B278-D6F1290A86A7
/data_sda/rk3588/arm-systemready/IR/Yocto/meta-woden/build/tmp/work/armv8a-oe-linux/ebbr-sct/1.0-r0/edk2-test/SctPkg/TestCase/UEFI/EFI/RuntimeServices/SecureBoot/BlackBoxTest/ImageLoadingBBTest.c:709:Status - Success

Image not authenticated
SecureBoot - Verify load of signed image with signature in db and revoked in dbx with SHA256 hash. -- PASS
B62A25F4-C24E-4853-9AD1-8B3FC59B29D7
/data_sda/rk3588/arm-systemready/IR/Yocto/meta-woden/build/tmp/work/armv8a-oe-linux/ebbr-sct/1.0-r0/edk2-test/SctPkg/TestCase/UEFI/EFI/RuntimeServices/SecureBoot/BlackBoxTest/ImageLoadingBBTest.c:794:Status - 800000000000001A

Image not authenticated
SecureBoot - Verify load of signed image with signature in db and revoked in dbx with SHA384 hash. -- PASS
54E33072-43D2-4FBF-B44E-1D1CE7F71AD2
/data_sda/rk3588/arm-systemready/IR/Yocto/meta-woden/build/tmp/work/armv8a-oe-linux/ebbr-sct/1.0-r0/edk2-test/SctPkg/TestCase/UEFI/EFI/RuntimeServices/SecureBoot/BlackBoxTest/ImageLoadingBBTest.c:834:Status - 800000000000001A

Image not authenticated
SecureBoot - Verify load of signed image with signature in db and revoked in dbx with SHA512 hash. -- PASS
20A23F21-31F1-4264-A6CB-7DC7E6963C63
/data_sda/rk3588/arm-systemready/IR/Yocto/meta-woden/build/tmp/work/armv8a-oe-linux/ebbr-sct/1.0-r0/edk2-test/SctPkg/TestCase/UEFI/EFI/RuntimeServices/SecureBoot/BlackBoxTest/ImageLoadingBBTest.c:874:Status - 800000000000001A

Image not authenticated
SecureBoot - Verify load of signed image with signature in db and revoked in dbx with certificate. -- PASS
4BB36713-D8E2-405B-8BDA-8612C79291A9
/data_sda/rk3588/arm-systemready/IR/Yocto/meta-woden/build/tmp/work/armv8a-oe-linux/ebbr-sct/1.0-r0/edk2-test/SctPkg/TestCase/UEFI/EFI/RuntimeServices/SecureBoot/BlackBoxTest/ImageLoadingBBTest.c:914:Status - 800000000000001A

Image not authenticated
SecureBoot - Verify load of signed image with signature in db and revoked in dbx with hash of image. -- PASS
3B48371B-C27E-4C19-B999-54537EA4BFED
/data_sda/rk3588/arm-systemready/IR/Yocto/meta-woden/build/tmp/work/armv8a-oe-linux/ebbr-sct/1.0-r0/edk2-test/SctPkg/TestCase/UEFI/EFI/RuntimeServices/SecureBoot/BlackBoxTest/ImageLoadingBBTest.c:954:Status - 800000000000001A

Secure Boot - ImageLoadingTest: EFI Image Execution Info Table not found -- FAILURE
6A8CAA83-B9DA-46C7-98F6-D4969DABDAA0
/data_sda/rk3588/arm-systemready/IR/Yocto/meta-woden/build/tmp/work/armv8a-oe-linux/ebbr-sct/1.0-r0/edk2-test/SctPkg/TestCase/UEFI/EFI/RuntimeServices/SecureBoot/BlackBoxTest/ImageLoadingBBTest.c:1063:Status - Not Found

SecureBootVariableCleanup: Doing cleanup of secure boot variables


Returned Status Code: Success

ImageLoading: [FAILED]
  Passes........... 10
  Warnings......... 0
  Errors........... 1
------------------------------------------------------------
UEFI 2.6
Revision 0x00010000
Test Entry Point GUID: BA4A8DD9-2D6A-43A6-96CF-7947892B7359
------------------------------------------------------------
Logfile: "\EFI\BOOT\bbr\SCT\Log\RuntimeServicesTest\SecureBootTest0\ImageLoading_0_0_BA4A8DD9-2D6A-43A6-96CF-7947892B7359.log"
Test Finished: 02/26/24  06:19a
Elapsed Time: 00 Days 00:00:02

------------------------------------------------------------
Done!
- [ok]
- [ok]
- [ok]
SIE SCT test suite execution is complete. Resetting the system
resetting ...
DDR d5483af87d cym 23/11/23-16:15:24,fwver: v1.15
LPDDR4X, 2112MHz
channel[0] BW=16 Col=10 Bk=8 CS0 Row=16 CS1 Row=16 CS=2 Die BW=16 Size=2048MB
channel[1] BW=16 Col=10 Bk=8 CS0 Row=16 CS1 Row=16 CS=2 Die BW=16 Size=2048MB
channel[2] BW=16 Col=10 Bk=8 CS0 Row=16 CS1 Row=16 CS=2 Die BW=16 Size=2048MB
channel[3] BW=16 Col=10 Bk=8 CS0 Row=16 CS1 Row=16 CS=2 Die BW=16 Size=2048MB
Manufacturer ID:0x1
CH0 RX Vref:27.9%, TX Vref:19.8%,19.8%
CH1 RX Vref:28.9%, TX Vref:20.8%,21.8%
CH2 RX Vref:28.5%, TX Vref:20.8%,20.8%
CH3 RX Vref:29.3%, TX Vref:21.8%,21.8%
change to F1: 528MHz
change to F2: 1068MHz
change to F3: 1560MHz
change to F0: 2112MHz
out
U-Boot SPL board init
U-Boot SPL 2017.09-g82435751526-231214-dirty #zhangzj (Dec 14 2023 - 09:16:28)
unknown raw ID 0 0 0
unrecognized JEDEC id bytes: 00, 00, 00
Trying to boot from MMC2
MMC: no card present
mmc_init: -123, time 0
spl: mmc init failed with error: -123
Trying to boot from MMC1
SPL: A/B-slot: _a, successful: 0, tries-remain: 7
Trying fit image at 0x4000 sector
## Verified-boot: 0
## Checking atf-1 0x00040000 ... sha256(d8900713b0...) + OK
## Checking u-boot 0x00a00000 ... sha256(4e1a3548f6...) + OK
## Checking fdt-1 0x00b061d8 ... sha256(7845c13492...) + OK
## Checking atf-2 0xff100000 ... sha256(c5a4bcd5a9...) + OK
## Checking tee-1 0x08400000 ... sha256(617eb0ee15...) + OK
Jumping to U-Boot(0x00a00000) via ARM Trusted Firmware(0x00040000)
Total: 91.188/251.635 ms

NOTICE:  BL31: v2.10.0	(release):v2.10.0-231-gfd91c4522-dirty
NOTICE:  BL31: Built : 13:59:57, Feb  2 2024


U-Boot 2024.01-rc5-gd8778e3592-dirty (Feb 26 2024 - 14:14:53 +0800)

Model: Rockchip Toybrick RK3588 X0 Board
DRAM:  8 GiB (effective 7.7 GiB)
Core:  331 devices, 28 uclasses, devicetree: separate
MMC:   mmc@fe2e0000: 0
Loading Environment from MMC... OK
In:    serial@feb50000
Out:   serial@feb50000
Err:   serial@feb50000
Model: Rockchip Toybrick RK3588 X0 Board
Net:   eth0: ethernet@fe1b0000
Hit any key to stop autoboot:  2  0
=> 
=> 
=> 
=> 
=> 
=> 
=> 
=> 
=> 
=> 
=> 
=> 
=> 
=> 
=> 
=> 
=> 
=> 
=> 
=> 
=> 
=> usb start
starting USB...
Bus usb@fc800000: USB EHCI 1.00
Bus usb@fc840000: USB OHCI 1.0
Bus usb@fc880000: USB EHCI 1.00
Bus usb@fc8c0000: USB OHCI 1.0
scanning bus usb@fc800000 for devices... 2 USB Device(s) found
scanning bus usb@fc840000 for devices... 1 USB Device(s) found
scanning bus usb@fc880000 for devices... 1 USB Device(s) found
scanning bus usb@fc8c0000 for devices... 1 USB Device(s) found
       scanning usb for storage devices... 1 Storage Device(s) found
=> fatload usb 0:1 ${loadaddr} security-interface-extension-keys/TestPK1.auth
2024 bytes read in 8 ms (247.1 KiB/s)
=> setenv -e -nv -bs -rt -at -i ${loadaddr}:$filesize PK
=> fatload usb 0:1 ${loadaddr} security-interface-extension-keys/TestKEK1.auth
2026 bytes read in 7 ms (282.2 KiB/s)
=> setenv -e -nv -bs -rt -at -i ${loadaddr}:$filesize KEK
=> fatload usb 0:1 ${loadaddr} security-interface-extension-keys/TestDB1.auth
2027 bytes read in 7 ms (282.2 KiB/s)
=> setenv -e -nv -bs -rt -at -i ${loadaddr}:$filesize db
=> fatload usb 0:1 ${loadaddr} security-interface-extension-keys/TestDBX1.auth
2027 bytes read in 7 ms (282.2 KiB/s)
=> setenv -e -nv -bs -rt -at -i ${loadaddr}:$filesize dbx
=> boot
Scanning for bootflows in all bootdevs
Seq  Method       State   Uclass    Part  Name                      Filename
---  -----------  ------  --------  ----  ------------------------  ----------------
Scanning global bootmeth 'efi_mgr':
Scanning bootdev 'usb_mass_storage.lun0.bootdev':
  0  efi          ready   usb_mass_    1  usb_mass_storage.lun0.boo efi/boot/bootaa64.efi
** Booting bootflow 'usb_mass_storage.lun0.bootdev.part_1' with efi
Booting /efi\boot\bootaa64.efi
Welcome to GRUB!

ethernet@fe1b0000 Waiting for PHY auto negotiation to complete........ done
error: no such device: ((hd1,gpt1)/efi/boot)/EFI/BOOT/grub.cfg.
error: serial port `com0' isn't found.
GNU GRUB  version 2.06

вввввввввввввв”Ђвввввввввввввввввввввввввввввввввввввввввв”Ђвввввввввввввввввввввввввввввввввввввввввввввввввввввввввввввввввввввввввввв”‚ввввввввввввввввввввввввввввввввввввввввввввввввввввввввввв”Ђввввввввввввввввввввввввввввввввввввввввввввввввввввввввввввввввввввввввввввввввввввв”Ђвввввввввввввввввввввввввв     Use the в and в keys to select which entry is highlighted.                                                              
      Press enter to boot the selected OS, `e' to edit the commands before booting or `c' for a command-line.                   Linux Boot                                                                                                                     *bbr/bsa                                                                                                                         SCT for Security Interface Extension (optional)                                                                                 Linux Boot for Security Interface Extension (optional)                                                                                                                                                                                                                                                                                                                                                                                                                                                                                                                                                                                                                                                                                                                                                                                                                                                                                                                                                                                                                                                                                                                                                                                                                                                                                                                                                                                                                                                                                                                                                                                                                                                                                                                                                                                                                                                                                                                                                                                                                                                                                                                                                                                                                                                                                                                                             The highlighted entry will be executed automatically in 10s.                                                                                                                                                                                                                                                                                                                                           bbr/bsa                                                                                                                        *SCT for Security Interface Extension (optional)                                                                                 SCT for Security Interface Extension (optional)                                                                                *Linux Boot for Security Interface Extension (optional)                                                                         EFI stub: Booting Linux Kernel...
EFI stub: EFI_RNG_PROTOCOL unavailable
EFI stub: ACS:acsforcevamap is 0
EFI stub: ACS:efi_novamap is 1
EFI stub: UEFI Secure Boot is enabled.
EFI stub: Using DTB from configuration table
EFI stub: Exiting boot services...
[    0.000000] Booting Linux on physical CPU 0x0000000000 [0x412fd050]
[    0.000000] Linux version 6.4.0-yocto-standard-00004-gf864f1d88524 (oe-user@oe-host) (aarch64-oe-linux-gcc (GCC) 12.2.0, GNU ld (GNU Binutils) 2.39.0.20220819) #1 SMP PREEMPT Sun Jun 25 23:29:58 UTC 2023
[    0.000000] Machine model: Rockchip Toybrick RK3588 X0 Board
[    0.000000] efi: EFI v2.10 by Das U-Boot
[    0.000000] efi: ESRT=0xece70040 RTPROP=0xece72040 SMBIOS=0xece9f000 MEMRESERVE=0xaf828040 
[    0.000000] esrt: Reserving ESRT space from 0x00000000ece70040 to 0x00000000ece70078.
[    0.000000] OF: reserved mem: 0x0000000008400000..0x00000000093fffff (16384 KiB) nomap non-reusable optee@8400000
[    0.000000] OF: reserved mem: 0x00000003fc000000..0x00000003fc4fffff (5120 KiB) nomap non-reusable gap1@3,fc000000
[    0.000000] OF: reserved mem: 0x00000003fff00000..0x00000003ffffffff (1024 KiB) nomap non-reusable gap2@3,fff00000
[    0.000000] NUMA: No NUMA configuration found
[    0.000000] NUMA: Faking a node at [mem 0x0000000000200000-0x00000001ffffffff]
[    0.000000] NUMA: NODE_DATA [mem 0x1ff0039c0-0x1ff005fff]
[    0.000000] Zone ranges:
[    0.000000]   DMA      [mem 0x0000000000200000-0x00000000ffffffff]
[    0.000000]   DMA32    empty
[    0.000000]   Normal   [mem 0x0000000100000000-0x00000001ffffffff]
[    0.000000] Movable zone start for each node
[    0.000000] Early memory node ranges
[    0.000000]   node   0: [mem 0x0000000000200000-0x0000000000b05fff]
[    0.000000]   node   0: [mem 0x0000000000b06000-0x0000000000b20fff]
[    0.000000]   node   0: [mem 0x0000000000b21000-0x00000000083fffff]
[    0.000000]   node   0: [mem 0x0000000008400000-0x00000000093fffff]
[    0.000000]   node   0: [mem 0x0000000009400000-0x00000000ece71fff]
[    0.000000]   node   0: [mem 0x00000000ece72000-0x00000000ece72fff]
[    0.000000]   node   0: [mem 0x00000000ece73000-0x00000000ece75fff]
[    0.000000]   node   0: [mem 0x00000000ece76000-0x00000000ece77fff]
[    0.000000]   node   0: [mem 0x00000000ece78000-0x00000000ece78fff]
[    0.000000]   node   0: [mem 0x00000000ece79000-0x00000000ece98fff]
[    0.000000]   node   0: [mem 0x00000000ece99000-0x00000000ece9efff]
[    0.000000]   node   0: [mem 0x00000000ece9f000-0x00000000ece9ffff]
[    0.000000]   node   0: [mem 0x00000000ecea0000-0x00000000efecffff]
[    0.000000]   node   0: [mem 0x00000000efed0000-0x00000000efedffff]
[    0.000000]   node   0: [mem 0x00000000efee0000-0x00000000efffffff]
[    0.000000]   node   0: [mem 0x0000000100000000-0x00000001ffffffff]
[    0.000000] Initmem setup node 0 [mem 0x0000000000200000-0x00000001ffffffff]
[    0.000000] On node 0, zone DMA: 512 pages in unavailable ranges
[    0.000000] cma: Reserved 32 MiB at 0x00000000ede00000
[    0.000000] psci: probing for conduit method from DT.
[    0.000000] psci: PSCIv1.1 detected in firmware.
[    0.000000] psci: Using standard PSCI v0.2 function IDs
[    0.000000] psci: MIGRATE_INFO_TYPE not supported.
[    0.000000] psci: SMC Calling Convention v1.8
[    0.000000] percpu: Embedded 22 pages/cpu s50216 r8192 d31704 u90112
[    0.000000] Detected VIPT I-cache on CPU0
[    0.000000] CPU features: detected: GIC system register CPU interface
[    0.000000] CPU features: detected: Virtualization Host Extensions
[    0.000000] CPU features: detected: Qualcomm erratum 1009, or ARM erratum 1286807, 2441009
[    0.000000] CPU features: detected: ARM errata 1165522, 1319367, or 1530923
[    0.000000] alternatives: applying boot alternatives
[    0.000000] Kernel command line: BOOT_IMAGE=/Image root=PARTUUID=f3e8252e-8090-41a9-ac0a-09bede05a387 rootwait rootfstype=ext4 secureboot
[    0.000000] Unknown kernel command line parameters "secureboot BOOT_IMAGE=/Image", will be passed to user space.
[    0.000000] Dentry cache hash table entries: 1048576 (order: 11, 8388608 bytes, linear)
[    0.000000] Inode-cache hash table entries: 524288 (order: 10, 4194304 bytes, linear)
[    0.000000] Fallback order for Node 0: 0 
[    0.000000] Built 1 zonelists, mobility grouping on.  Total pages: 1999368
[    0.000000] Policy zone: Normal
[    0.000000] mem auto-init: stack:all(zero), heap alloc:off, heap free:off
[    0.000000] software IO TLB: area num 8.
[    0.000000] software IO TLB: mapped [mem 0x00000000e8e4c000-0x00000000ece4c000] (64MB)
[    0.000000] Memory: 7812096K/8124416K available (16320K kernel code, 4154K rwdata, 10112K rodata, 8512K init, 620K bss, 279552K reserved, 32768K cma-reserved)
[    0.000000] SLUB: HWalign=64, Order=0-3, MinObjects=0, CPUs=8, Nodes=1
[    0.000000] rcu: Preemptible hierarchical RCU implementation.
[    0.000000] rcu: 	RCU event tracing is enabled.
[    0.000000] rcu: 	RCU restricting CPUs from NR_CPUS=256 to nr_cpu_ids=8.
[    0.000000] 	Trampoline variant of Tasks RCU enabled.
[    0.000000] 	Tracing variant of Tasks RCU enabled.
[    0.000000] rcu: RCU calculated value of scheduler-enlistment delay is 25 jiffies.
[    0.000000] rcu: Adjusting geometry for rcu_fanout_leaf=16, nr_cpu_ids=8
[    0.000000] NR_IRQS: 64, nr_irqs: 64, preallocated irqs: 0
[    0.000000] GICv3: GIC: Using split EOI/Deactivate mode
[    0.000000] GICv3: 480 SPIs implemented
[    0.000000] GICv3: 0 Extended SPIs implemented
[    0.000000] GICv3: MBI range [424:479]
[    0.000000] GICv3: Using MBI frame 0x00000000fe610000
[    0.000000] Root IRQ handler: gic_handle_irq
[    0.000000] GICv3: GICv3 features: 16 PPIs
[    0.000000] GICv3: CPU0: found redistributor 0 region 0:0x00000000fe680000
[    0.000000] ITS [mem 0xfe640000-0xfe65ffff]
[    0.000000] GIC: enabling workaround for ITS: Rockchip erratum RK3588001
[    0.000000] ITS@0x00000000fe640000: allocated 8192 Devices @100050000 (indirect, esz 8, psz 64K, shr 0)
[    0.000000] ITS@0x00000000fe640000: allocated 32768 Interrupt Collections @100060000 (flat, esz 2, psz 64K, shr 0)
[    0.000000] ITS: using cache flushing for cmd queue
[    0.000000] ITS [mem 0xfe660000-0xfe67ffff]
[    0.000000] GIC: enabling workaround for ITS: Rockchip erratum RK3588001
[    0.000000] ITS@0x00000000fe660000: allocated 8192 Devices @100080000 (indirect, esz 8, psz 64K, shr 0)
[    0.000000] ITS@0x00000000fe660000: allocated 32768 Interrupt Collections @100090000 (flat, esz 2, psz 64K, shr 0)
[    0.000000] ITS: using cache flushing for cmd queue
[    0.000000] GICv3: using LPI property table @0x00000001000a0000
[    0.000000] GIC: using cache flushing for LPI property table
[    0.000000] GICv3: CPU0: using allocated LPI pending table @0x00000001000b0000
[    0.000000] GICv3: GIC: PPI partition interrupt-partition-0[0] { /cpus/cpu@0[0] /cpus/cpu@100[1] /cpus/cpu@200[2] /cpus/cpu@300[3] }
[    0.000000] GICv3: GIC: PPI partition interrupt-partition-1[1] { /cpus/cpu@400[4] /cpus/cpu@500[5] /cpus/cpu@600[6] /cpus/cpu@700[7] }
[    0.000000] rcu: srcu_init: Setting srcu_struct sizes based on contention.
[    0.000000] arch_timer: cp15 timer(s) running at 24.00MHz (phys).
[    0.000000] clocksource: arch_sys_counter: mask: 0xffffffffffffff max_cycles: 0x588fe9dc0, max_idle_ns: 440795202592 ns
[    0.000000] sched_clock: 56 bits at 24MHz, resolution 41ns, wraps every 4398046511097ns
[    0.003835] Console: colour dummy device 80x25
[    0.003849] printk: console [tty0] enabled
[    0.004950] Calibrating delay loop (skipped), value calculated using timer frequency.. 48.00 BogoMIPS (lpj=96000)
[    0.004984] pid_max: default: 32768 minimum: 301
[    0.005074] LSM: initializing lsm=capability,integrity
[    0.005211] Mount-cache hash table entries: 16384 (order: 5, 131072 bytes, linear)
[    0.005259] Mountpoint-cache hash table entries: 16384 (order: 5, 131072 bytes, linear)
[    0.007521] cblist_init_generic: Setting adjustable number of callback queues.
[    0.007557] cblist_init_generic: Setting shift to 3 and lim to 1.
[    0.007673] cblist_init_generic: Setting shift to 3 and lim to 1.
[    0.007961] rcu: Hierarchical SRCU implementation.
[    0.007981] rcu: 	Max phase no-delay instances is 1000.
[    0.008332] Platform MSI: msi-controller@fe640000 domain created
[    0.008370] Platform MSI: msi-controller@fe660000 domain created
[    0.008593] PCI/MSI: /interrupt-controller@fe600000/msi-controller@fe640000 domain created
[    0.008640] PCI/MSI: /interrupt-controller@fe600000/msi-controller@fe660000 domain created
[    0.008864] fsl-mc MSI: msi-controller@fe640000 domain created
[    0.008899] fsl-mc MSI: msi-controller@fe660000 domain created
[    0.014909] Remapping and enabling EFI services.
[    0.015425] smp: Bringing up secondary CPUs ...
[    0.016072] Detected VIPT I-cache on CPU1
[    0.016143] GICv3: CPU1: found redistributor 100 region 0:0x00000000fe6a0000
[    0.016158] GICv3: CPU1: using allocated LPI pending table @0x00000001000c0000
[    0.016202] CPU1: Booted secondary processor 0x0000000100 [0x412fd050]
[    0.016975] Detected VIPT I-cache on CPU2
[    0.017041] GICv3: CPU2: found redistributor 200 region 0:0x00000000fe6c0000
[    0.017056] GICv3: CPU2: using allocated LPI pending table @0x00000001000d0000
[    0.017099] CPU2: Booted secondary processor 0x0000000200 [0x412fd050]
[    0.017806] Detected VIPT I-cache on CPU3
[    0.017870] GICv3: CPU3: found redistributor 300 region 0:0x00000000fe6e0000
[    0.017884] GICv3: CPU3: using allocated LPI pending table @0x00000001000e0000
[    0.017924] CPU3: Booted secondary processor 0x0000000300 [0x412fd050]
[    0.018640] CPU features: detected: Spectre-v4
[    0.018645] CPU features: detected: Spectre-BHB
[    0.018651] Detected PIPT I-cache on CPU4
[    0.018694] GICv3: CPU4: found redistributor 400 region 0:0x00000000fe700000
[    0.018703] GICv3: CPU4: using allocated LPI pending table @0x00000001000f0000
[    0.018729] CPU4: Booted secondary processor 0x0000000400 [0x414fd0b0]
[    0.019384] Detected PIPT I-cache on CPU5
[    0.019435] GICv3: CPU5: found redistributor 500 region 0:0x00000000fe720000
[    0.019445] GICv3: CPU5: using allocated LPI pending table @0x0000000100100000
[    0.019472] CPU5: Booted secondary processor 0x0000000500 [0x414fd0b0]
[    0.020104] Detected PIPT I-cache on CPU6
[    0.020152] GICv3: CPU6: found redistributor 600 region 0:0x00000000fe740000
[    0.020162] GICv3: CPU6: using allocated LPI pending table @0x0000000100110000
[    0.020189] CPU6: Booted secondary processor 0x0000000600 [0x414fd0b0]
[    0.020858] Detected PIPT I-cache on CPU7
[    0.020907] GICv3: CPU7: found redistributor 700 region 0:0x00000000fe760000
[    0.020916] GICv3: CPU7: using allocated LPI pending table @0x0000000100120000
[    0.020943] CPU7: Booted secondary processor 0x0000000700 [0x414fd0b0]
[    0.021029] smp: Brought up 1 node, 8 CPUs
[    0.021357] SMP: Total of 8 processors activated.
[    0.021373] CPU features: detected: 32-bit EL0 Support
[    0.021388] CPU features: detected: Data cache clean to the PoU not required for I/D coherence
[    0.021408] CPU features: detected: Common not Private translations
[    0.021423] CPU features: detected: CRC32 instructions
[    0.021440] CPU features: detected: RCpc load-acquire (LDAPR)
[    0.021455] CPU features: detected: LSE atomic instructions
[    0.021470] CPU features: detected: Privileged Access Never
[    0.021485] CPU features: detected: RAS Extension Support
[    0.021501] CPU features: detected: Speculative Store Bypassing Safe (SSBS)
[    0.021690] CPU: All CPU(s) started at EL2
[    0.021709] alternatives: applying system-wide alternatives
[    0.027624] devtmpfs: initialized
[    0.035023] clocksource: jiffies: mask: 0xffffffff max_cycles: 0xffffffff, max_idle_ns: 7645041785100000 ns
[    0.035043] futex hash table entries: 2048 (order: 5, 131072 bytes, linear)
[    0.035374] pinctrl core: initialized pinctrl subsystem
[    0.037036] SMBIOS 3.0 present.
[    0.037053] DMI: Unknown Unknown Product/Unknown Product, BIOS 2024.01-rc5-gd8778e3592-dirty 01/01/2024
[    0.037530] NET: Registered PF_NETLINK/PF_ROUTE protocol family
[    0.038143] DMA: preallocated 1024 KiB GFP_KERNEL pool for atomic allocations
[    0.038375] DMA: preallocated 1024 KiB GFP_KERNEL|GFP_DMA pool for atomic allocations
[    0.038534] DMA: preallocated 1024 KiB GFP_KERNEL|GFP_DMA32 pool for atomic allocations
[    0.038563] audit: initializing netlink subsys (disabled)
[    0.038679] audit: type=2000 audit(0.036:1): state=initialized audit_enabled=0 res=1
[    0.039701] thermal_sys: Registered thermal governor 'step_wise'
[    0.039706] thermal_sys: Registered thermal governor 'power_allocator'
[    0.039740] cpuidle: using governor menu
[    0.039842] hw-breakpoint: found 6 breakpoint and 4 watchpoint registers.
[    0.039967] ASID allocator initialised with 65536 entries
[    0.041215] Serial: AMBA PL011 UART driver
[    0.058885] gpio gpiochip0: Static allocation of GPIO base is deprecated, use dynamic allocation.
[    0.059025] rockchip-gpio fd8a0000.gpio: probed /pinctrl/gpio@fd8a0000
[    0.059177] gpio gpiochip1: Static allocation of GPIO base is deprecated, use dynamic allocation.
[    0.059254] rockchip-gpio fec20000.gpio: probed /pinctrl/gpio@fec20000
[    0.059391] gpio gpiochip2: Static allocation of GPIO base is deprecated, use dynamic allocation.
[    0.059463] rockchip-gpio fec30000.gpio: probed /pinctrl/gpio@fec30000
[    0.059600] gpio gpiochip3: Static allocation of GPIO base is deprecated, use dynamic allocation.
[    0.059674] rockchip-gpio fec40000.gpio: probed /pinctrl/gpio@fec40000
[    0.059834] gpio gpiochip4: Static allocation of GPIO base is deprecated, use dynamic allocation.
[    0.059905] rockchip-gpio fec50000.gpio: probed /pinctrl/gpio@fec50000
[    0.064396] KASLR disabled due to lack of seed
[    0.064877] HugeTLB: registered 1.00 GiB page size, pre-allocated 0 pages
[    0.064886] HugeTLB: 0 KiB vmemmap can be freed for a 1.00 GiB page
[    0.064894] HugeTLB: registered 32.0 MiB page size, pre-allocated 0 pages
[    0.064900] HugeTLB: 0 KiB vmemmap can be freed for a 32.0 MiB page
[    0.064906] HugeTLB: registered 2.00 MiB page size, pre-allocated 0 pages
[    0.064912] HugeTLB: 0 KiB vmemmap can be freed for a 2.00 MiB page
[    0.064919] HugeTLB: registered 64.0 KiB page size, pre-allocated 0 pages
[    0.064925] HugeTLB: 0 KiB vmemmap can be freed for a 64.0 KiB page
[    0.066089] ACPI: Interpreter disabled.
[    0.068191] iommu: Default domain type: Translated 
[    0.068200] iommu: DMA domain TLB invalidation policy: strict mode 
[    0.068331] SCSI subsystem initialized
[    0.068531] usbcore: registered new interface driver usbfs
[    0.068549] usbcore: registered new interface driver hub
[    0.068566] usbcore: registered new device driver usb
[    0.069418] pps_core: LinuxPPS API ver. 1 registered
[    0.069426] pps_core: Software ver. 5.3.6 - Copyright 2005-2007 Rodolfo Giometti <giometti@linux.it>
[    0.069439] PTP clock support registered
[    0.069535] EDAC MC: Ver: 3.0.0
[    0.070177] scmi_core: SCMI protocol bus registered
[    0.070226] efivars: Registered efivars operations
[    0.070867] FPGA manager framework
[    0.070907] Advanced Linux Sound Architecture Driver Initialized.
[    0.071402] vgaarb: loaded
[    0.071598] clocksource: Switched to clocksource arch_sys_counter
[    0.071692] VFS: Disk quotas dquot_6.6.0
[    0.071711] VFS: Dquot-cache hash table entries: 512 (order 0, 4096 bytes)
[    0.071795] pnp: PnP ACPI: disabled
[    0.074744] NET: Registered PF_INET protocol family
[    0.074926] IP idents hash table entries: 131072 (order: 8, 1048576 bytes, linear)
[    0.079130] tcp_listen_portaddr_hash hash table entries: 4096 (order: 4, 65536 bytes, linear)
[    0.079228] Table-perturb hash table entries: 65536 (order: 6, 262144 bytes, linear)
[    0.079242] TCP established hash table entries: 65536 (order: 7, 524288 bytes, linear)
[    0.079747] TCP bind hash table entries: 65536 (order: 9, 2097152 bytes, linear)
[    0.081622] TCP: Hash tables configured (established 65536 bind 65536)
[    0.081676] UDP hash table entries: 4096 (order: 5, 131072 bytes, linear)
[    0.081861] UDP-Lite hash table entries: 4096 (order: 5, 131072 bytes, linear)
[    0.082102] NET: Registered PF_UNIX/PF_LOCAL protocol family
[    0.082373] RPC: Registered named UNIX socket transport module.
[    0.082381] RPC: Registered udp transport module.
[    0.082386] RPC: Registered tcp transport module.
[    0.082392] RPC: Registered tcp NFSv4.1 backchannel transport module.
[    0.082401] PCI: CLS 0 bytes, default 64
[    0.082904] kvm [1]: IPA Size Limit: 40 bits
[    0.082926] kvm [1]: GICv3: no GICV resource entry
[    0.082932] kvm [1]: disabling GICv2 emulation
[    0.082952] kvm [1]: GIC system register CPU interface enabled
[    0.082966] kvm [1]: vgic interrupt IRQ18
[    0.082990] kvm [1]: VHE mode initialized successfully
[    0.083562] Initialise system trusted keyrings
[    0.083713] workingset: timestamp_bits=42 max_order=21 bucket_order=0
[    0.083893] squashfs: version 4.0 (2009/01/31) Phillip Lougher
[    0.084066] NFS: Registering the id_resolver key type
[    0.084087] Key type id_resolver registered
[    0.084093] Key type id_legacy registered
[    0.084106] nfs4filelayout_init: NFSv4 File Layout Driver Registering...
[    0.084113] nfs4flexfilelayout_init: NFSv4 Flexfile Layout Driver Registering...
[    0.084177] 9p: Installing v9fs 9p2000 file system support
[    0.113631] Key type asymmetric registered
[    0.113639] Asymmetric key parser 'x509' registered
[    0.113667] Block layer SCSI generic (bsg) driver version 0.4 loaded (major 245)
[    0.113676] io scheduler mq-deadline registered
[    0.113682] io scheduler kyber registered
[    0.113702] io scheduler bfq registered
[    0.127202] EINJ: ACPI disabled.
[    0.140106] dma-pl330 fea10000.dma-controller: Loaded driver for PL330 DMAC-241330
[    0.140120] dma-pl330 fea10000.dma-controller: 	DBUFF-128x8bytes Num_Chans-8 Num_Peri-32 Num_Events-16
[    0.140813] dma-pl330 fea30000.dma-controller: Loaded driver for PL330 DMAC-241330
[    0.140823] dma-pl330 fea30000.dma-controller: 	DBUFF-128x8bytes Num_Chans-8 Num_Peri-32 Num_Events-16
[    0.141498] dma-pl330 fed10000.dma-controller: Loaded driver for PL330 DMAC-241330
[    0.141509] dma-pl330 fed10000.dma-controller: 	DBUFF-128x8bytes Num_Chans-8 Num_Peri-32 Num_Events-16
[    0.150252] Serial: 8250/16550 driver, 16 ports, IRQ sharing enabled
[    0.152229] feb50000.serial: ttyS2 at MMIO 0xfeb50000 (irq = 39, base_baud = 1500000) is a 16550A
[    0.152324] printk: console [ttyS2] enabled
[    0.294856] SuperH (H)SCI(F) driver initialized
[    0.295769] msm_serial: driver initialized
[    0.302474] loop: module loaded
[    0.303367] megasas: 07.725.01.00-rc1
[    0.307131] spi spi2.0: Fixed dependency cycle(s) with /spi@feb20000/pmci@0/regulators/DCDC_REG7
[    0.307943] spi spi2.0: Fixed dependency cycle(s) with /spi@feb20000/pmci@0/pinctrl_rk806/dvs3-null-pins
[    0.308778] spi spi2.0: Fixed dependency cycle(s) with /spi@feb20000/pmci@0/pinctrl_rk806/dvs2-null-pins
[    0.309611] spi spi2.0: Fixed dependency cycle(s) with /spi@feb20000/pmci@0/pinctrl_rk806/dvs1-null-pins
[    0.312575] tun: Universal TUN/TAP device driver, 1.6
[    0.313766] thunder_xcv, ver 1.0
[    0.314070] thunder_bgx, ver 1.0
[    0.314365] nicpf, ver 1.0
[    0.315602] hns3: Hisilicon Ethernet Network Driver for Hip08 Family - version
[    0.316237] hns3: Copyright (c) 2017 Huawei Corporation.
[    0.316717] hclge is initializing
[    0.317017] e1000: Intel(R) PRO/1000 Network Driver
[    0.317445] e1000: Copyright (c) 1999-2006 Intel Corporation.
[    0.317958] e1000e: Intel(R) PRO/1000 Network Driver
[    0.318394] e1000e: Copyright(c) 1999 - 2015 Intel Corporation.
[    0.318920] igb: Intel(R) Gigabit Ethernet Network Driver
[    0.319395] igb: Copyright (c) 2007-2014 Intel Corporation.
[    0.319899] igbvf: Intel(R) Gigabit Virtual Function Network Driver
[    0.320448] igbvf: Copyright (c) 2009 - 2012 Intel Corporation.
[    0.321232] sky2: driver version 1.30
[    0.322745] VFIO - User Level meta-driver version: 0.3
[    0.325770] usbcore: registered new interface driver usb-storage
[    0.328569] i2c_dev: i2c /dev entries driver
[    0.335207] ghes_edac: GHES probing device list is empty
[    0.336496] sdhci: Secure Digital Host Controller Interface driver
[    0.337508] sdhci: Copyright(c) Pierre Ossman
[    0.338605] Synopsys Designware Multimedia Card Interface Driver
[    0.340055] sdhci-pltfm: SDHCI platform and OF driver helper
[    0.342659] ledtrig-cpu: registered to indicate activity on CPUs
[    0.343872] scmi_protocol scmi_dev.1: Enabled polling mode TX channel - prot_id:16
[    0.344633] arm-scmi firmware:scmi: SCMI Notifications - Core Enabled.
[    0.345241] arm-scmi firmware:scmi: SCMI Protocol v2.0 'rockchip:' Firmware version 0x0
[    0.352495] SMCCC: SOC_ID: ARCH_SOC_ID not implemented, skipping ....
[    0.353730] usbcore: registered new interface driver usbhid
[    0.354221] usbhid: USB HID core driver
[    0.358577] hw perfevents: enabled with armv8_cortex_a55 PMU driver, 7 counters available
[    0.361375] hw perfevents: enabled with armv8_cortex_a76 PMU driver, 7 counters available
[    0.363904] optee: probing for conduit method.
[    0.364301] optee: api uid mismatch
[    0.364608] optee: probe of firmware:optee failed with error -22
[    0.367473] NET: Registered PF_PACKET protocol family
[    0.367997] 9pnet: Installing 9P2000 support
[    0.368403] Key type dns_resolver registered
[    0.371795] mmc0: SDHCI controller on fe2e0000.mmc [fe2e0000.mmc] using ADMA
[    0.373083] registered taskstats version 1
[    0.373545] Loading compiled-in X.509 certificates
[    0.419196] mmc0: new HS400 Enhanced strobe MMC card at address 0001
[    0.420697] mmcblk0: mmc0:0001 TX2932 29.1 GiB 
[    0.424833]  mmcblk0: p1 p2 p3 p4 p5 p6 p7
[    0.427455] mmcblk0boot0: mmc0:0001 TX2932 4.00 MiB 
[    0.428438] fan53555-regulator 0-0042: FAN53555 Option[10] Rev[1] Detected!
[    0.429065] fan53555-regulator 0-0043: FAN53555 Option[10] Rev[1] Detected!
[    0.429550] mmcblk0boot1: mmc0:0001 TX2932 4.00 MiB 
[    0.431706] mmcblk0rpmb: mmc0:0001 TX2932 4.00 MiB, chardev (234:0)
[    0.439560] ehci-platform fc800000.usb: EHCI Host Controller
[    0.440129] ehci-platform fc800000.usb: new USB bus registered, assigned bus number 1
[    0.440421] ohci-platform fc840000.usb: Generic Platform OHCI controller
[    0.440950] ehci-platform fc800000.usb: irq 47, io mem 0xfc800000
[    0.441071] ehci-platform fc880000.usb: EHCI Host Controller
[    0.441097] ehci-platform fc880000.usb: new USB bus registered, assigned bus number 2
[    0.441167] ohci-platform fc8c0000.usb: Generic Platform OHCI controller
[    0.441178] ohci-platform fc8c0000.usb: new USB bus registered, assigned bus number 3
[    0.441212] ehci-platform fc880000.usb: irq 48, io mem 0xfc880000
[    0.441232] ohci-platform fc8c0000.usb: irq 50, io mem 0xfc8c0000
[    0.441416] ohci-platform fc840000.usb: new USB bus registered, assigned bus number 4
[    0.445844] clk: Disabling unused clocks
[    0.446313] ohci-platform fc840000.usb: irq 49, io mem 0xfc840000
[    0.447074] ALSA device list:
[    0.447379]   No soundcards found.
[    0.447796] dw-apb-uart feb50000.serial: forbid DMA for kernel console
[    0.455823] ehci-platform fc880000.usb: USB 2.0 started, EHCI 1.00
[    0.457248] hub 2-0:1.0: USB hub found
[    0.457628] hub 2-0:1.0: 1 port detected
[    0.471749] ehci-platform fc800000.usb: USB 2.0 started, EHCI 1.00
[    0.473926] hub 1-0:1.0: USB hub found
[    0.474397] hub 1-0:1.0: 1 port detected
[    0.504236] hub 3-0:1.0: USB hub found
[    0.504584] hub 3-0:1.0: 1 port detected
[    0.508618] hub 4-0:1.0: USB hub found
[    0.509009] hub 4-0:1.0: 1 port detected
[    0.509796] Waiting for root device PARTUUID=f3e8252e-8090-41a9-ac0a-09bede05a387...
[    0.727783] usb 1-1: new high-speed USB device number 2 using ehci-platform
[    0.886173] usb-storage 1-1:1.0: USB Mass Storage device detected
[    0.887536] scsi host0: usb-storage 1-1:1.0
[    1.921305] scsi 0:0:0:0: Direct-Access     General  UDisk            5.00 PQ: 0 ANSI: 2
[    1.924158] sd 0:0:0:0: [sda] 61440000 512-byte logical blocks: (31.5 GB/29.3 GiB)
[    1.925836] sd 0:0:0:0: [sda] Write Protect is off
[    1.927284] sd 0:0:0:0: [sda] No Caching mode page found
[    1.927804] sd 0:0:0:0: [sda] Assuming drive cache: write through
[    1.995308] GPT:Primary header thinks Alt. header is not at the end of the disk.
[    1.996012] GPT:1210793 != 61439999
[    1.996333] GPT:Alternate GPT header not at the end of the disk.
[    1.996870] GPT:1210793 != 61439999
[    1.997188] GPT: Use GNU Parted to correct GPT errors.
[    1.997671]  sda: sda1 sda2
[    1.999404] sd 0:0:0:0: [sda] Attached SCSI removable disk
[    2.016646] EXT4-fs (sda2): INFO: recovery required on readonly filesystem
[    2.017256] EXT4-fs (sda2): write access will be enabled during recovery
[    3.872476] EXT4-fs (sda2): recovery complete
[    7.478039] EXT4-fs (sda2): mounted filesystem 4ecc7d85-31e4-4891-9b9b-687918ff53da ro with ordered data mode. Quota mode: none.
[    7.479097] VFS: Mounted root (ext4 filesystem) readonly on device 8:2.
[    7.480582] devtmpfs: mounted
[    7.483260] Freeing unused kernel memory: 8512K
[    7.483799] Run /sbin/init as init process
[    7.772886] systemd[1]: System time before build time, advancing clock.
[    7.813114] NET: Registered PF_INET6 protocol family
[    7.814847] Segment Routing with IPv6
[    7.815199] In-situ OAM (IOAM) with IPv6
[    7.846128] systemd[1]: systemd 251.8+ running in system mode (-PAM -AUDIT -SELINUX -APPARMOR +IMA -SMACK +SECCOMP -GCRYPT -GNUTLS -OPENSSL +ACL +BLKID -CURL -ELFUTILS -FIDO2 -IDN2 -IDN -IPTC +KMOD -LIBCRYPTSETUP +LIBFDISK -PCRE2 -PWQUALITY -P11KIT -QRENCODE -TPM2 -BZIP2 -LZ4 -XZ -ZLIB +ZSTD -BPF_FRAMEWORK -XKBCOMMON +UTMP +SYSVINIT default-hierarchy=hybrid)
[    7.848922] systemd[1]: Detected architecture arm64.

Welcome to Woden 0.0 (master)!

[    7.916526] systemd[1]: Hostname set to <generic-arm64>.
[    8.056161] block sda: the capability attribute has been deprecated.
[    8.268460] systemd[1]: Queued start job for default target Multi-User System.
[    8.297722] systemd[1]: Created slice Slice /system/getty.
[  OK  ] Created slice Slice /system/getty.
[    8.308675] systemd[1]: Created slice Slice /system/modprobe.
[  OK  ] Created slice Slice /system/modprobe.
[    8.310978] systemd[1]: Created slice Slice /system/serial-getty.
[  OK  ] Created slice Slice /system/serial-getty.
[    8.313167] systemd[1]: Created slice User and Session Slice.
[  OK  ] Created slice User and Session Slice.
[    8.323944] systemd[1]: Started Dispatch Password Requests to Console Directory Watch.
[  OK  ] Started Dispatch Password вts to Console Directory Watch.
[    8.336067] systemd[1]: Started Forward Password Requests to Wall Directory Watch.
[  OK  ] Started Forward Password Rвuests to Wall Directory Watch.
[    8.348052] systemd[1]: Reached target Path Units.
[  OK  ] Reached target Path Units.
[    8.359958] systemd[1]: Reached target Remote File Systems.
[  OK  ] Reached target Remote File Systems.
[    8.361441] systemd[1]: Reached target Slice Units.
[  OK  ] Reached target Slice Units.
[    8.371949] systemd[1]: Reached target Swaps.
[  OK  ] Reached target Swaps.
[    8.384265] systemd[1]: Listening on Syslog Socket.
[  OK  ] Listening on Syslog Socket.
[    8.396109] systemd[1]: Listening on initctl Compatibility Named Pipe.
[  OK  ] Listening on initctl Compatibility Named Pipe.
[    8.408289] systemd[1]: Listening on Journal Audit Socket.
[  OK  ] Listening on Journal Audit Socket.
[    8.409978] systemd[1]: Listening on Journal Socket (/dev/log).
[  OK  ] Listening on Journal Socket (/dev/log).
[    8.420183] systemd[1]: Listening on Journal Socket.
[  OK  ] Listening on Journal Socket.
[    8.432266] systemd[1]: Listening on Network Service Netlink Socket.
[  OK  ] Listening on Network Service Netlink Socket.
[    8.444260] systemd[1]: Listening on udev Control Socket.
[  OK  ] Listening on udev Control Socket.
[    8.445903] systemd[1]: Listening on udev Kernel Socket.
[  OK  ] Listening on udev Kernel Socket.
[    8.456212] systemd[1]: Listening on User Database Manager Socket.
[  OK  ] Listening on User Database Manager Socket.
[    8.472026] systemd[1]: Mounting Huge Pages File System...
         Mounting Huge Pages File System...
[    8.485598] systemd[1]: Mounting POSIX Message Queue File System...
         Mounting POSIX Message Queue File System...
[    8.497576] systemd[1]: Mounting Kernel Debug File System...
         Mounting Kernel Debug File System...
[    8.508075] systemd[1]: Kernel Trace File System was skipped because of a failed condition check (ConditionPathExists=/sys/kernel/tracing).
[    8.511785] systemd[1]: Mounting Temporary Directory /tmp...
         Mounting Temporary Directory /tmp...
[    8.523946] systemd[1]: Create List of Static Device Nodes was skipped because of a failed condition check (ConditionFileNotEmpty=/lib/modules/6.4.0-yocto-standard-00004-gf864f1d88524/modules.devname).
[    8.527390] systemd[1]: Starting Load Kernel Module configfs...
         Starting Load Kernel Module configfs...
[    8.541573] systemd[1]: Starting Load Kernel Module drm...
         Starting Load Kernel Module drm...
[    8.553669] systemd[1]: Starting Load Kernel Module fuse...
         Starting Load Kernel Module fuse...
[    8.565617] systemd[1]: Starting File System Check on Root Device...
         Starting File System Check on Root Device...
[    8.578882] systemd[1]: Starting Journal Service...
         Starting Journal Service...
[    8.582879] systemd[1]: Load Kernel Modules was skipped because all trigger condition checks failed.
[    8.585507] systemd[1]: Starting Generate network units from Kernel command line...
         Starting Generate network вts from Kernel command line...
[    8.588096] systemd[1]: Starting Apply Kernel Variables...
         Starting Apply Kernel Variables...
[    8.590394] systemd[1]: Starting Coldplug All udev Devices...
         Starting Coldplug All udev Devices...
[    8.593882] systemd[1]: Mounted Huge Pages File System.
[  OK  ] Mounted Huge Pages File System.[    8.594597] systemd[1]: Mounted POSIX Message Queue File System.

[  OK  ] Mounted POSIX Message Queue File Sy[    8.595582] systemd[1]: Mounted Kernel Debug File System.
stem.
[  OK  ] Mounted Kernel Debug File System    8.596564] systemd[1]: Mounted Temporary Directory /tmp.
m.
[  OK  ] Mounted Temporary Directory /tmp    8.597842] systemd[1]: modprobe@configfs.service: Deactivated successfully.
m.
[    8.598947] systemd[1]: Finished Load Kernel Module configfs.
[  OK  ] Finished Load Kernel Module configf[    8.599919] systemd[1]: modprobe@drm.service: Deactivated successfully.
s.
[    8.600926] systemd[1]: Finished Load Kernel Module drm.
[  OK  ] Finished Load Kernel Module drm[    8.601846] systemd[1]: modprobe@fuse.service: Deactivated successfully.
.
[    8.602861] systemd[1]: Finished Load Kernel Module fuse.
[  OK  ] Finished Load Kernel Module fuse.
[    8.603977] systemd[1]: Finished Generate network units from Kernel command line.
[  OK  ] Finished Generate network units fro[    8.604984] systemd[1]: Reached target Preparation for Network.
m Kernel command line.
[  OK  ] Reached target Preparation for Netw[    8.605916] systemd[1]: FUSE Control File System was skipped because of a failed condition check (ConditionPathExists=/sys/fs/fuse/connections).
ork.
[    8.609124] systemd[1]: Mounting Kernel Configuration File System...
         Mounting Kernel Configuration File System...
[    8.617320] systemd[1]: Mounted Kernel Configuration File System.
[  OK  ] Mounted Kernel Configuration File System.
[    8.654834] systemd[1]: Finished Apply Kernel Variables.
[  OK  ] Finished Apply Kernel Variables.
[    8.672295] systemd[1]: Started Journal Service.
[  OK  ] Started Journal Service.
[  OK  ] Finished File System Check on Root Device.
         Starting Remount Root and Kernel File Systems...
[    8.787258] EXT4-fs (sda2): re-mounted 4ecc7d85-31e4-4891-9b9b-687918ff53da r/w. Quota mode: none.
[  OK  ] Finished Remount Root and Kernel File Systems.
         Starting Flush Journal to Persistent Storage...
         Starting Create Static Device Nodes in /dev...
[    8.826439] systemd-journald[137]: Received client request to flush runtime journal.
[  OK  ] Finished Flush Journal to Persistent Storage.
[  OK  ] Finished Create Static Device Nodes in /dev.
[  OK  ] Reached target Preparation for Local File Systems.
         Mounting /var/volatile...
[    8.916335] audit: type=1334 audit(1667916018.140:2): prog-id=5 op=LOAD
[    8.917011] audit: type=1334 audit(1667916018.140:3): prog-id=6 op=LOAD
         Starting Rule-based Manageвfor Device Events and Files...
[  OK  ] Mounted /var/volatile.
         Starting Load/Save Random Seed...
[  OK  ] Finished Coldplug All udev Devices.
[  OK  ] Started Rule-based Manager for Device Events and Files.
         Starting Network Configuration...
[  OK  ] Started Network Configuration.
[  OK  ] Found device UDisk BOOT.
         Mounting /boot...
[    9.643008] FAT-fs (sda1): Volume was not properly unmounted. Some data may be corrupt. Please run fsck.
[  OK  ] Mounted /boot.
[  OK  ] Reached target Local File Systems.
         Starting Create Volatile Files and Directories...
[  OK  ] Finished Create Volatile Files and Directories.
[    9.705604] audit: type=1334 audit(1667916018.928:4): prog-id=7 op=LOAD
[    9.706236] audit: type=1334 audit(1667916018.928:5): prog-id=8 op=LOAD
[  OK  ] Started Hardware RNG Entropy Gatherer Daemon.
         Starting Network Name Resolution...
         Starting Network Time Synchronization...
         Starting Record System Boot/Shutdown in UTMP...
[  OK  ] Finished Record System Boot/Shutdown in UTMP.
[  OK  ] Started Network Name Resolution.
[  OK  ] Started Network Time Synchronization.
[  OK  ] Reached target Network.
[  OK  ] Reached target Host and Network Name Lookups.
[  OK  ] Reached target System Initialization.
[  OK  ] Started Daily Cleanup of Temporary Directories.
[  OK  ] Reached target System Time Set.
[  OK  ] Reached target Timer Units.
[  OK  ] Listening on D-Bus System Message Bus Socket.
[  OK  ] Reached target Socket Units.
[  OK  ] Reached target Basic System.
[  OK  ] Started Run script with syвemd right before login prompt.
[  OK  ] Started Kernel Logging Service.
[  OK  ] Started System Logging Service.
         Starting D-Bus System Message Bus...
[   10.080651] init.sh[222]: init.sh
[  OK  ] Started Getty on tty1.
[   10.096293] init.sh[222]: Mounting efivarfs ...
[  OK  ] Started Serial Getty on ttyS0.
[  OK  ] Started Serial Getty on ttyS2.
[  OK  ] Reached target Login Prompts.
[   10.126696] audit: type=1334 audit(1667916415.808:6): prog-id=9 op=LOAD
[   10.127305] audit: type=1334 audit(1667916415.808:7): prog-id=10 op=LOAD
         Starting User Login Management...
[   10.239638] random: crng init done
[   10.466486] platform pcie30-avdd1v8-regulator: deferred probe pending
[   10.467062] platform pcie20-avdd0v85-regulator: deferred probe pending
[   10.467652] platform pcie20-avdd1v8-regulator: deferred probe pending

Woden 0.0 generic-arm64 ttyS2

generic-arm64 login: root (automatic login)

[   15.683240] init.sh[222]: Attempting to mount the results partition ...
root@generic-arm64:~# [   15.834111] init.sh[222]: Mounted the results partition on device /dev/sda1
[   18.839714] init.sh[222]: Call SIE ACS in Linux
[   18.844477] init.sh[250]: mount: /sys/kernel/security: securityfs already mounted on /sys/kernel/security.
[   18.844620] init.sh[250]:        dmesg(1) may have more information after failed mount system call.
[   26.340241] init.sh[249]: SecureBoot enabled
[   26.340403] init.sh[249]: The system is in SecureBoot mode
[   26.350188] init.sh[249]: Test Executed are uefirtauthvar tpm2
[   26.731781] init.sh[264]: Test: Authenticated variable tests.
[   26.731942] init.sh[264]:                                                                      :   0.0% /                                                                                Test skipped.
[   26.732095] init.sh[264]: Test: TPM2 Trusted Platform Module 2 test.
[   26.736607] init.sh[264]:                                                                      :  50.0% -                                                                                Test aborted.
[   26.757614] init.sh[264]: Running 2 tests, results appended to /mnt/acs_results/SIE/fwts/FWTSResults.log
[   26.760838] init.sh[249]: TPM event log not found at /sys/kernel/security/tpm0/binary_bios_measurements
[   26.761561] init.sh[222]: SIE ACS run is completed\n
[   26.761726] init.sh[222]: Please press <Enter> to continue ...

root@generic-arm64:~# 